2024-11-24 13:01:19,047 - INFO - Starting scraper...
2024-11-24 13:01:19,053 - INFO - 
Attempting to scrape Raccoon Fireworks...
2024-11-24 13:01:19,100 - INFO - Fetching content from: https://www.raccoonfireworksusa.com/raccoon-1-4g-1
2024-11-24 13:01:19,100 - INFO - Saving images to: /Users/joshgoble/Downloads/firework_pics/raccoonfireworksusa.com
2024-11-24 13:01:19,789 - INFO - Found 2 existing images in directory
2024-11-24 13:01:19,789 - INFO - 
Processing page 1...
2024-11-24 13:01:21,264 - INFO - Found 20 unique product links
2024-11-24 13:01:21,264 - INFO - Visiting product page: https://www.raccoonfireworksusa.com/product-page/lethal-agent
2024-11-24 13:01:23,066 - INFO - 
DEBUG: All image URLs found:
2024-11-24 13:01:23,067 - INFO - Found image: https://static.wixstatic.com/media/706fa0_6b3133068fd54e26bf811ac929983e95~mv2.png/v1/fill/w_92,h_93,al_c,q_85,usm_0.66_1.00_0.01,enc_auto/Raccoon__R_W_Logo.png
2024-11-24 13:01:23,067 - INFO - Found image: https://static.wixstatic.com/media/706fa0_d3eaa47c5b4d49cdb413678be395037f~mv2.png/v1/fill/w_49,h_22,al_c,q_85,usm_0.66_1.00_0.01,blur_2,enc_auto/706fa0_d3eaa47c5b4d49cdb413678be395037f~mv2.png
2024-11-24 13:01:23,067 - INFO - Selected this image URL
2024-11-24 13:01:23,067 - INFO - Modified image URL: https://static.wixstatic.com/media/706fa0_d3eaa47c5b4d49cdb413678be395037f~mv2.png/v1/fill/w_1500,h_1500,al_c/706fa0_d3eaa47c5b4d49cdb413678be395037f~mv2.png
2024-11-24 13:01:23,067 - INFO - Found product details - Name: Lethal Agent, Image: https://static.wixstatic.com/media/706fa0_d3eaa47c5b4d49cdb413678be395037f~mv2.png/v1/fill/w_1500,h_1500,al_c/706fa0_d3eaa47c5b4d49cdb413678be395037f~mv2.png
2024-11-24 13:01:23,069 - INFO - Found product: Lethal Agent
2024-11-24 13:01:23,069 - INFO - Found image URL: https://static.wixstatic.com/media/706fa0_d3eaa47c5b4d49cdb413678be395037f~mv2.png/v1/fill/w_1500,h_1500,al_c/706fa0_d3eaa47c5b4d49cdb413678be395037f~mv2.png
2024-11-24 13:01:27,436 - INFO - Successfully processed product 1 of unlimited
2024-11-24 13:01:29,442 - INFO - Visiting product page: https://www.raccoonfireworksusa.com/product-page/azura-raider
2024-11-24 13:01:30,240 - INFO - 
DEBUG: All image URLs found:
2024-11-24 13:01:30,241 - INFO - Found image: https://static.wixstatic.com/media/706fa0_6b3133068fd54e26bf811ac929983e95~mv2.png/v1/fill/w_92,h_93,al_c,q_85,usm_0.66_1.00_0.01,enc_avif,quality_auto/Raccoon__R_W_Logo.png
2024-11-24 13:01:30,241 - INFO - Found image: https://static.wixstatic.com/media/706fa0_b790ddcf10a94f1eb09e451d3e6fa31e~mv2.png/v1/fill/w_89,h_99,al_c,q_85,usm_0.66_1.00_0.01,blur_2,enc_auto/706fa0_b790ddcf10a94f1eb09e451d3e6fa31e~mv2.png
2024-11-24 13:01:30,241 - INFO - Selected this image URL
2024-11-24 13:01:30,241 - INFO - Modified image URL: https://static.wixstatic.com/media/706fa0_b790ddcf10a94f1eb09e451d3e6fa31e~mv2.png/v1/fill/w_1500,h_1500,al_c/706fa0_b790ddcf10a94f1eb09e451d3e6fa31e~mv2.png
2024-11-24 13:01:30,241 - INFO - Found product details - Name: Azura Raider, Image: https://static.wixstatic.com/media/706fa0_b790ddcf10a94f1eb09e451d3e6fa31e~mv2.png/v1/fill/w_1500,h_1500,al_c/706fa0_b790ddcf10a94f1eb09e451d3e6fa31e~mv2.png
2024-11-24 13:01:30,243 - INFO - Found product: Azura Raider
2024-11-24 13:01:30,243 - INFO - Found image URL: https://static.wixstatic.com/media/706fa0_b790ddcf10a94f1eb09e451d3e6fa31e~mv2.png/v1/fill/w_1500,h_1500,al_c/706fa0_b790ddcf10a94f1eb09e451d3e6fa31e~mv2.png
2024-11-24 13:01:34,832 - INFO - Successfully processed product 2 of unlimited
2024-11-24 13:01:36,837 - INFO - Visiting product page: https://www.raccoonfireworksusa.com/product-page/crimson-curse
2024-11-24 13:01:37,333 - INFO - 
DEBUG: All image URLs found:
2024-11-24 13:01:37,333 - INFO - Found image: https://static.wixstatic.com/media/706fa0_6b3133068fd54e26bf811ac929983e95~mv2.png/v1/fill/w_92,h_93,al_c,q_85,usm_0.66_1.00_0.01,enc_auto/Raccoon__R_W_Logo.png
2024-11-24 13:01:37,334 - INFO - Found image: https://static.wixstatic.com/media/706fa0_a4de9b5fae114ca9a94e1e8d3601dfcc~mv2.png/v1/fill/w_49,h_36,al_c,q_85,usm_0.66_1.00_0.01,blur_2,enc_auto/706fa0_a4de9b5fae114ca9a94e1e8d3601dfcc~mv2.png
2024-11-24 13:01:37,334 - INFO - Selected this image URL
2024-11-24 13:01:37,334 - INFO - Modified image URL: https://static.wixstatic.com/media/706fa0_a4de9b5fae114ca9a94e1e8d3601dfcc~mv2.png/v1/fill/w_1500,h_1500,al_c/706fa0_a4de9b5fae114ca9a94e1e8d3601dfcc~mv2.png
2024-11-24 13:01:37,334 - INFO - Found product details - Name: Crimson Curse, Image: https://static.wixstatic.com/media/706fa0_a4de9b5fae114ca9a94e1e8d3601dfcc~mv2.png/v1/fill/w_1500,h_1500,al_c/706fa0_a4de9b5fae114ca9a94e1e8d3601dfcc~mv2.png
2024-11-24 13:01:37,335 - INFO - Found product: Crimson Curse
2024-11-24 13:01:37,335 - INFO - Found image URL: https://static.wixstatic.com/media/706fa0_a4de9b5fae114ca9a94e1e8d3601dfcc~mv2.png/v1/fill/w_1500,h_1500,al_c/706fa0_a4de9b5fae114ca9a94e1e8d3601dfcc~mv2.png
2024-11-24 13:01:41,503 - INFO - Successfully processed product 3 of unlimited
2024-11-24 13:01:43,508 - INFO - Visiting product page: https://www.raccoonfireworksusa.com/product-page/battle-of-lexington
2024-11-24 13:01:44,302 - INFO - 
DEBUG: All image URLs found:
2024-11-24 13:01:44,303 - INFO - Found image: https://static.wixstatic.com/media/706fa0_6b3133068fd54e26bf811ac929983e95~mv2.png/v1/fill/w_92,h_93,al_c,q_85,usm_0.66_1.00_0.01,enc_auto/Raccoon__R_W_Logo.png
2024-11-24 13:01:44,303 - INFO - Found image: https://static.wixstatic.com/media/706fa0_b2f25f06359b40119f909cf26b40860a~mv2.png/v1/fill/w_49,h_42,al_c,q_85,usm_0.66_1.00_0.01,blur_2,enc_auto/706fa0_b2f25f06359b40119f909cf26b40860a~mv2.png
2024-11-24 13:01:44,303 - INFO - Selected this image URL
2024-11-24 13:01:44,303 - INFO - Modified image URL: https://static.wixstatic.com/media/706fa0_b2f25f06359b40119f909cf26b40860a~mv2.png/v1/fill/w_1500,h_1500,al_c/706fa0_b2f25f06359b40119f909cf26b40860a~mv2.png
2024-11-24 13:01:44,303 - INFO - Found product details - Name: Battle of Lexington, Image: https://static.wixstatic.com/media/706fa0_b2f25f06359b40119f909cf26b40860a~mv2.png/v1/fill/w_1500,h_1500,al_c/706fa0_b2f25f06359b40119f909cf26b40860a~mv2.png
2024-11-24 13:01:44,304 - INFO - Found product: Battle of Lexington
2024-11-24 13:01:44,304 - INFO - Found image URL: https://static.wixstatic.com/media/706fa0_b2f25f06359b40119f909cf26b40860a~mv2.png/v1/fill/w_1500,h_1500,al_c/706fa0_b2f25f06359b40119f909cf26b40860a~mv2.png
2024-11-24 13:01:49,953 - INFO - Successfully processed product 4 of unlimited
2024-11-24 13:01:51,960 - INFO - Visiting product page: https://www.raccoonfireworksusa.com/product-page/5-independence-day-compact-24-s
2024-11-24 13:01:52,865 - INFO - 
DEBUG: All image URLs found:
2024-11-24 13:01:52,866 - INFO - Found image: https://static.wixstatic.com/media/706fa0_6b3133068fd54e26bf811ac929983e95~mv2.png/v1/fill/w_92,h_93,al_c,q_85,usm_0.66_1.00_0.01,enc_auto/Raccoon__R_W_Logo.png
2024-11-24 13:01:52,867 - INFO - Found image: https://static.wixstatic.com/media/706fa0_889d4e96e4434b5ab58b2749b1ad2f60~mv2.png/v1/fill/w_49,h_35,al_c,q_85,usm_0.66_1.00_0.01,blur_2,enc_auto/706fa0_889d4e96e4434b5ab58b2749b1ad2f60~mv2.png
2024-11-24 13:01:52,867 - INFO - Selected this image URL
2024-11-24 13:01:52,867 - INFO - Modified image URL: https://static.wixstatic.com/media/706fa0_889d4e96e4434b5ab58b2749b1ad2f60~mv2.png/v1/fill/w_1500,h_1500,al_c/706fa0_889d4e96e4434b5ab58b2749b1ad2f60~mv2.png
2024-11-24 13:01:52,867 - INFO - Found product details - Name: 5" Independence Day Compact 24'S, Image: https://static.wixstatic.com/media/706fa0_889d4e96e4434b5ab58b2749b1ad2f60~mv2.png/v1/fill/w_1500,h_1500,al_c/706fa0_889d4e96e4434b5ab58b2749b1ad2f60~mv2.png
2024-11-24 13:01:52,869 - INFO - Found product: 5" Independence Day Compact 24'S
2024-11-24 13:01:52,869 - INFO - Found image URL: https://static.wixstatic.com/media/706fa0_889d4e96e4434b5ab58b2749b1ad2f60~mv2.png/v1/fill/w_1500,h_1500,al_c/706fa0_889d4e96e4434b5ab58b2749b1ad2f60~mv2.png
2024-11-24 13:01:56,447 - INFO - Successfully processed product 5 of unlimited
2024-11-24 13:01:58,453 - INFO - Visiting product page: https://www.raccoonfireworksusa.com/product-page/azuraburst
2024-11-24 13:01:59,929 - INFO - 
DEBUG: All image URLs found:
2024-11-24 13:01:59,930 - INFO - Found image: https://static.wixstatic.com/media/706fa0_6b3133068fd54e26bf811ac929983e95~mv2.png/v1/fill/w_92,h_93,al_c,q_85,usm_0.66_1.00_0.01,enc_avif,quality_auto/Raccoon__R_W_Logo.png
2024-11-24 13:01:59,930 - INFO - Found image: https://static.wixstatic.com/media/706fa0_082227b8cc9e4b9e8972d45134363605~mv2.png/v1/fill/w_49,h_44,al_c,q_85,usm_0.66_1.00_0.01,blur_2,enc_auto/706fa0_082227b8cc9e4b9e8972d45134363605~mv2.png
2024-11-24 13:01:59,930 - INFO - Selected this image URL
2024-11-24 13:01:59,931 - INFO - Modified image URL: https://static.wixstatic.com/media/706fa0_082227b8cc9e4b9e8972d45134363605~mv2.png/v1/fill/w_1500,h_1500,al_c/706fa0_082227b8cc9e4b9e8972d45134363605~mv2.png
2024-11-24 13:01:59,931 - INFO - Found product details - Name: AzuraBurst, Image: https://static.wixstatic.com/media/706fa0_082227b8cc9e4b9e8972d45134363605~mv2.png/v1/fill/w_1500,h_1500,al_c/706fa0_082227b8cc9e4b9e8972d45134363605~mv2.png
2024-11-24 13:01:59,932 - INFO - Found product: AzuraBurst
2024-11-24 13:01:59,932 - INFO - Found image URL: https://static.wixstatic.com/media/706fa0_082227b8cc9e4b9e8972d45134363605~mv2.png/v1/fill/w_1500,h_1500,al_c/706fa0_082227b8cc9e4b9e8972d45134363605~mv2.png
2024-11-24 13:02:03,591 - INFO - Successfully processed product 6 of unlimited
2024-11-24 13:02:05,594 - INFO - Visiting product page: https://www.raccoonfireworksusa.com/product-page/72-haunted-echo
2024-11-24 13:02:06,398 - INFO - 
DEBUG: All image URLs found:
2024-11-24 13:02:06,399 - INFO - Found image: https://static.wixstatic.com/media/706fa0_6b3133068fd54e26bf811ac929983e95~mv2.png/v1/fill/w_92,h_93,al_c,q_85,usm_0.66_1.00_0.01,enc_auto/Raccoon__R_W_Logo.png
2024-11-24 13:02:06,399 - INFO - Found image: https://static.wixstatic.com/media/706fa0_3351b665987845eab35039992f9468d9~mv2.png/v1/fill/w_49,h_30,al_c,q_85,usm_0.66_1.00_0.01,blur_2,enc_auto/706fa0_3351b665987845eab35039992f9468d9~mv2.png
2024-11-24 13:02:06,399 - INFO - Selected this image URL
2024-11-24 13:02:06,399 - INFO - Modified image URL: https://static.wixstatic.com/media/706fa0_3351b665987845eab35039992f9468d9~mv2.png/v1/fill/w_1500,h_1500,al_c/706fa0_3351b665987845eab35039992f9468d9~mv2.png
2024-11-24 13:02:06,399 - INFO - Found product details - Name: 72 Haunted Echo, Image: https://static.wixstatic.com/media/706fa0_3351b665987845eab35039992f9468d9~mv2.png/v1/fill/w_1500,h_1500,al_c/706fa0_3351b665987845eab35039992f9468d9~mv2.png
2024-11-24 13:02:06,401 - INFO - Found product: 72 Haunted Echo
2024-11-24 13:02:06,401 - INFO - Found image URL: https://static.wixstatic.com/media/706fa0_3351b665987845eab35039992f9468d9~mv2.png/v1/fill/w_1500,h_1500,al_c/706fa0_3351b665987845eab35039992f9468d9~mv2.png
2024-11-24 13:02:11,965 - INFO - Successfully processed product 7 of unlimited
2024-11-24 13:02:13,969 - INFO - Visiting product page: https://www.raccoonfireworksusa.com/product-page/battle-of-princeton
2024-11-24 13:02:14,830 - INFO - 
DEBUG: All image URLs found:
2024-11-24 13:02:14,832 - INFO - Found image: https://static.wixstatic.com/media/706fa0_6b3133068fd54e26bf811ac929983e95~mv2.png/v1/fill/w_92,h_93,al_c,q_85,usm_0.66_1.00_0.01,enc_auto/Raccoon__R_W_Logo.png
2024-11-24 13:02:14,832 - INFO - Found image: https://static.wixstatic.com/media/706fa0_54d7e1a4cfa644d386f84b7173d9c2f5~mv2.png/v1/fill/w_49,h_39,al_c,q_85,usm_0.66_1.00_0.01,blur_2,enc_auto/706fa0_54d7e1a4cfa644d386f84b7173d9c2f5~mv2.png
2024-11-24 13:02:14,833 - INFO - Selected this image URL
2024-11-24 13:02:14,833 - INFO - Modified image URL: https://static.wixstatic.com/media/706fa0_54d7e1a4cfa644d386f84b7173d9c2f5~mv2.png/v1/fill/w_1500,h_1500,al_c/706fa0_54d7e1a4cfa644d386f84b7173d9c2f5~mv2.png
2024-11-24 13:02:14,833 - INFO - Found product details - Name: Battle of Princeton, Image: https://static.wixstatic.com/media/706fa0_54d7e1a4cfa644d386f84b7173d9c2f5~mv2.png/v1/fill/w_1500,h_1500,al_c/706fa0_54d7e1a4cfa644d386f84b7173d9c2f5~mv2.png
2024-11-24 13:02:14,834 - INFO - Found product: Battle of Princeton
2024-11-24 13:02:14,835 - INFO - Found image URL: https://static.wixstatic.com/media/706fa0_54d7e1a4cfa644d386f84b7173d9c2f5~mv2.png/v1/fill/w_1500,h_1500,al_c/706fa0_54d7e1a4cfa644d386f84b7173d9c2f5~mv2.png
2024-11-24 13:02:17,178 - INFO - Successfully processed product 8 of unlimited
2024-11-24 13:02:19,182 - INFO - Visiting product page: https://www.raccoonfireworksusa.com/product-page/armed-forces
2024-11-24 13:02:19,779 - INFO - 
DEBUG: All image URLs found:
2024-11-24 13:02:19,780 - INFO - Found image: https://static.wixstatic.com/media/706fa0_6b3133068fd54e26bf811ac929983e95~mv2.png/v1/fill/w_92,h_93,al_c,q_85,usm_0.66_1.00_0.01,enc_avif,quality_auto/Raccoon__R_W_Logo.png
2024-11-24 13:02:19,780 - INFO - Found image: https://static.wixstatic.com/media/706fa0_fbbdb991fe5f489bae4bbd70d09ebc47~mv2.png/v1/fill/w_49,h_33,al_c,q_85,usm_0.66_1.00_0.01,blur_2,enc_auto/706fa0_fbbdb991fe5f489bae4bbd70d09ebc47~mv2.png
2024-11-24 13:02:19,780 - INFO - Selected this image URL
2024-11-24 13:02:19,780 - INFO - Modified image URL: https://static.wixstatic.com/media/706fa0_fbbdb991fe5f489bae4bbd70d09ebc47~mv2.png/v1/fill/w_1500,h_1500,al_c/706fa0_fbbdb991fe5f489bae4bbd70d09ebc47~mv2.png
2024-11-24 13:02:19,780 - INFO - Found product details - Name: Armed Forces, Image: https://static.wixstatic.com/media/706fa0_fbbdb991fe5f489bae4bbd70d09ebc47~mv2.png/v1/fill/w_1500,h_1500,al_c/706fa0_fbbdb991fe5f489bae4bbd70d09ebc47~mv2.png
2024-11-24 13:02:19,782 - INFO - Found product: Armed Forces
2024-11-24 13:02:19,782 - INFO - Found image URL: https://static.wixstatic.com/media/706fa0_fbbdb991fe5f489bae4bbd70d09ebc47~mv2.png/v1/fill/w_1500,h_1500,al_c/706fa0_fbbdb991fe5f489bae4bbd70d09ebc47~mv2.png
2024-11-24 13:02:22,169 - INFO - Successfully processed product 9 of unlimited
2024-11-24 13:02:24,174 - INFO - Visiting product page: https://www.raccoonfireworksusa.com/product-page/2-minute-bomb
2024-11-24 13:02:24,609 - INFO - 
DEBUG: All image URLs found:
2024-11-24 13:02:24,610 - INFO - Found image: https://static.wixstatic.com/media/706fa0_6b3133068fd54e26bf811ac929983e95~mv2.png/v1/fill/w_92,h_93,al_c,q_85,usm_0.66_1.00_0.01,enc_auto/Raccoon__R_W_Logo.png
2024-11-24 13:02:24,610 - INFO - Found image: https://static.wixstatic.com/media/706fa0_b1a0d6fd0b8049b9be3bae765102193f~mv2.png/v1/fill/w_49,h_32,al_c,q_85,usm_0.66_1.00_0.01,blur_2,enc_auto/706fa0_b1a0d6fd0b8049b9be3bae765102193f~mv2.png
2024-11-24 13:02:24,610 - INFO - Selected this image URL
2024-11-24 13:02:24,610 - INFO - Modified image URL: https://static.wixstatic.com/media/706fa0_b1a0d6fd0b8049b9be3bae765102193f~mv2.png/v1/fill/w_1500,h_1500,al_c/706fa0_b1a0d6fd0b8049b9be3bae765102193f~mv2.png
2024-11-24 13:02:24,610 - INFO - Found product details - Name: 2-Minute Bomb, Image: https://static.wixstatic.com/media/706fa0_b1a0d6fd0b8049b9be3bae765102193f~mv2.png/v1/fill/w_1500,h_1500,al_c/706fa0_b1a0d6fd0b8049b9be3bae765102193f~mv2.png
2024-11-24 13:02:24,612 - INFO - Found product: 2-Minute Bomb
2024-11-24 13:02:24,612 - INFO - Found image URL: https://static.wixstatic.com/media/706fa0_b1a0d6fd0b8049b9be3bae765102193f~mv2.png/v1/fill/w_1500,h_1500,al_c/706fa0_b1a0d6fd0b8049b9be3bae765102193f~mv2.png
2024-11-24 13:02:28,490 - INFO - Successfully processed product 10 of unlimited
2024-11-24 13:02:30,493 - INFO - Visiting product page: https://www.raccoonfireworksusa.com/product-page/battle-of-trenton
2024-11-24 13:02:31,109 - INFO - 
DEBUG: All image URLs found:
2024-11-24 13:02:31,110 - INFO - Found image: https://static.wixstatic.com/media/706fa0_6b3133068fd54e26bf811ac929983e95~mv2.png/v1/fill/w_92,h_93,al_c,q_85,usm_0.66_1.00_0.01,enc_auto/Raccoon__R_W_Logo.png
2024-11-24 13:02:31,110 - INFO - Found image: https://static.wixstatic.com/media/706fa0_05d2e2c9bc804a1296ac0e5cc4bf7cce~mv2.png/v1/fill/w_49,h_31,al_c,q_85,usm_0.66_1.00_0.01,blur_2,enc_auto/706fa0_05d2e2c9bc804a1296ac0e5cc4bf7cce~mv2.png
2024-11-24 13:02:31,111 - INFO - Selected this image URL
2024-11-24 13:02:31,111 - INFO - Modified image URL: https://static.wixstatic.com/media/706fa0_05d2e2c9bc804a1296ac0e5cc4bf7cce~mv2.png/v1/fill/w_1500,h_1500,al_c/706fa0_05d2e2c9bc804a1296ac0e5cc4bf7cce~mv2.png
2024-11-24 13:02:31,111 - INFO - Found product details - Name: Battle of Trenton, Image: https://static.wixstatic.com/media/706fa0_05d2e2c9bc804a1296ac0e5cc4bf7cce~mv2.png/v1/fill/w_1500,h_1500,al_c/706fa0_05d2e2c9bc804a1296ac0e5cc4bf7cce~mv2.png
2024-11-24 13:02:31,113 - INFO - Found product: Battle of Trenton
2024-11-24 13:02:31,113 - INFO - Found image URL: https://static.wixstatic.com/media/706fa0_05d2e2c9bc804a1296ac0e5cc4bf7cce~mv2.png/v1/fill/w_1500,h_1500,al_c/706fa0_05d2e2c9bc804a1296ac0e5cc4bf7cce~mv2.png
2024-11-24 13:02:32,655 - INFO - Successfully processed product 11 of unlimited
2024-11-24 13:02:34,661 - INFO - Visiting product page: https://www.raccoonfireworksusa.com/product-page/navy-seals
2024-11-24 13:02:35,282 - INFO - 
DEBUG: All image URLs found:
2024-11-24 13:02:35,282 - INFO - Found image: https://static.wixstatic.com/media/706fa0_6b3133068fd54e26bf811ac929983e95~mv2.png/v1/fill/w_92,h_93,al_c,q_85,usm_0.66_1.00_0.01,enc_auto/Raccoon__R_W_Logo.png
2024-11-24 13:02:35,282 - INFO - Found image: https://static.wixstatic.com/media/706fa0_5d0ee9ea61694f1c956901ae7a132524~mv2.png/v1/fill/w_49,h_36,al_c,q_85,usm_0.66_1.00_0.01,blur_2,enc_auto/706fa0_5d0ee9ea61694f1c956901ae7a132524~mv2.png
2024-11-24 13:02:35,283 - INFO - Selected this image URL
2024-11-24 13:02:35,283 - INFO - Modified image URL: https://static.wixstatic.com/media/706fa0_5d0ee9ea61694f1c956901ae7a132524~mv2.png/v1/fill/w_1500,h_1500,al_c/706fa0_5d0ee9ea61694f1c956901ae7a132524~mv2.png
2024-11-24 13:02:35,283 - INFO - Found product details - Name: Navy Seals, Image: https://static.wixstatic.com/media/706fa0_5d0ee9ea61694f1c956901ae7a132524~mv2.png/v1/fill/w_1500,h_1500,al_c/706fa0_5d0ee9ea61694f1c956901ae7a132524~mv2.png
2024-11-24 13:02:35,284 - INFO - Found product: Navy Seals
2024-11-24 13:02:35,284 - INFO - Found image URL: https://static.wixstatic.com/media/706fa0_5d0ee9ea61694f1c956901ae7a132524~mv2.png/v1/fill/w_1500,h_1500,al_c/706fa0_5d0ee9ea61694f1c956901ae7a132524~mv2.png
2024-11-24 13:02:40,394 - INFO - Successfully processed product 12 of unlimited
2024-11-24 13:02:42,399 - INFO - Visiting product page: https://www.raccoonfireworksusa.com/product-page/rdxplosion
2024-11-24 13:02:49,742 - INFO - 
DEBUG: All image URLs found:
2024-11-24 13:02:49,743 - INFO - Found image: https://static.wixstatic.com/media/706fa0_6b3133068fd54e26bf811ac929983e95~mv2.png/v1/fill/w_92,h_93,al_c,q_85,usm_0.66_1.00_0.01,enc_auto/Raccoon__R_W_Logo.png
2024-11-24 13:02:49,743 - INFO - Found image: https://static.wixstatic.com/media/706fa0_cbc38d9833644cd3b0c6d6a75755e9b7~mv2.png/v1/fill/w_49,h_35,al_c,q_85,usm_0.66_1.00_0.01,blur_2,enc_auto/706fa0_cbc38d9833644cd3b0c6d6a75755e9b7~mv2.png
2024-11-24 13:02:49,743 - INFO - Selected this image URL
2024-11-24 13:02:49,743 - INFO - Modified image URL: https://static.wixstatic.com/media/706fa0_cbc38d9833644cd3b0c6d6a75755e9b7~mv2.png/v1/fill/w_1500,h_1500,al_c/706fa0_cbc38d9833644cd3b0c6d6a75755e9b7~mv2.png
2024-11-24 13:02:49,743 - INFO - Found product details - Name: RDXplosion, Image: https://static.wixstatic.com/media/706fa0_cbc38d9833644cd3b0c6d6a75755e9b7~mv2.png/v1/fill/w_1500,h_1500,al_c/706fa0_cbc38d9833644cd3b0c6d6a75755e9b7~mv2.png
2024-11-24 13:02:49,744 - INFO - Found product: RDXplosion
2024-11-24 13:02:49,744 - INFO - Found image URL: https://static.wixstatic.com/media/706fa0_cbc38d9833644cd3b0c6d6a75755e9b7~mv2.png/v1/fill/w_1500,h_1500,al_c/706fa0_cbc38d9833644cd3b0c6d6a75755e9b7~mv2.png
2024-11-24 13:02:53,446 - INFO - Successfully processed product 13 of unlimited
2024-11-24 13:02:55,447 - INFO - Visiting product page: https://www.raccoonfireworksusa.com/product-page/azura-chaos
2024-11-24 13:02:55,884 - INFO - 
DEBUG: All image URLs found:
2024-11-24 13:02:55,885 - INFO - Found image: https://static.wixstatic.com/media/706fa0_6b3133068fd54e26bf811ac929983e95~mv2.png/v1/fill/w_92,h_93,al_c,q_85,usm_0.66_1.00_0.01,enc_avif,quality_auto/Raccoon__R_W_Logo.png
2024-11-24 13:02:55,885 - INFO - Found image: https://static.wixstatic.com/media/706fa0_c20a2ad5f2c546b4bb9d78e9c852da9a~mv2.png/v1/fill/w_49,h_23,al_c,q_85,usm_0.66_1.00_0.01,blur_2,enc_auto/706fa0_c20a2ad5f2c546b4bb9d78e9c852da9a~mv2.png
2024-11-24 13:02:55,885 - INFO - Selected this image URL
2024-11-24 13:02:55,885 - INFO - Modified image URL: https://static.wixstatic.com/media/706fa0_c20a2ad5f2c546b4bb9d78e9c852da9a~mv2.png/v1/fill/w_1500,h_1500,al_c/706fa0_c20a2ad5f2c546b4bb9d78e9c852da9a~mv2.png
2024-11-24 13:02:55,885 - INFO - Found product details - Name: Azura Chaos, Image: https://static.wixstatic.com/media/706fa0_c20a2ad5f2c546b4bb9d78e9c852da9a~mv2.png/v1/fill/w_1500,h_1500,al_c/706fa0_c20a2ad5f2c546b4bb9d78e9c852da9a~mv2.png
2024-11-24 13:02:55,887 - INFO - Found product: Azura Chaos
2024-11-24 13:02:55,887 - INFO - Found image URL: https://static.wixstatic.com/media/706fa0_c20a2ad5f2c546b4bb9d78e9c852da9a~mv2.png/v1/fill/w_1500,h_1500,al_c/706fa0_c20a2ad5f2c546b4bb9d78e9c852da9a~mv2.png
2024-11-24 13:02:58,609 - INFO - Successfully processed product 14 of unlimited
2024-11-24 13:03:00,614 - INFO - Visiting product page: https://www.raccoonfireworksusa.com/product-page/usa-250
2024-11-24 13:03:01,151 - INFO - 
DEBUG: All image URLs found:
2024-11-24 13:03:01,152 - INFO - Found image: https://static.wixstatic.com/media/706fa0_6b3133068fd54e26bf811ac929983e95~mv2.png/v1/fill/w_92,h_93,al_c,q_85,usm_0.66_1.00_0.01,enc_auto/Raccoon__R_W_Logo.png
2024-11-24 13:03:01,152 - INFO - Found image: https://static.wixstatic.com/media/706fa0_a7075a8bbd5646a19791be84b465dcaa~mv2.png/v1/fill/w_49,h_30,al_c,q_85,usm_0.66_1.00_0.01,blur_2,enc_auto/706fa0_a7075a8bbd5646a19791be84b465dcaa~mv2.png
2024-11-24 13:03:01,152 - INFO - Selected this image URL
2024-11-24 13:03:01,152 - INFO - Modified image URL: https://static.wixstatic.com/media/706fa0_a7075a8bbd5646a19791be84b465dcaa~mv2.png/v1/fill/w_1500,h_1500,al_c/706fa0_a7075a8bbd5646a19791be84b465dcaa~mv2.png
2024-11-24 13:03:01,152 - INFO - Found product details - Name: USA 250, Image: https://static.wixstatic.com/media/706fa0_a7075a8bbd5646a19791be84b465dcaa~mv2.png/v1/fill/w_1500,h_1500,al_c/706fa0_a7075a8bbd5646a19791be84b465dcaa~mv2.png
2024-11-24 13:03:01,153 - INFO - Found product: USA 250
2024-11-24 13:03:01,153 - INFO - Found image URL: https://static.wixstatic.com/media/706fa0_a7075a8bbd5646a19791be84b465dcaa~mv2.png/v1/fill/w_1500,h_1500,al_c/706fa0_a7075a8bbd5646a19791be84b465dcaa~mv2.png
2024-11-24 13:03:03,961 - INFO - Successfully processed product 15 of unlimited
2024-11-24 13:03:05,966 - INFO - Visiting product page: https://www.raccoonfireworksusa.com/product-page/aegis-shield
2024-11-24 13:03:06,433 - INFO - 
DEBUG: All image URLs found:
2024-11-24 13:03:06,434 - INFO - Found image: https://static.wixstatic.com/media/706fa0_6b3133068fd54e26bf811ac929983e95~mv2.png/v1/fill/w_92,h_93,al_c,q_85,usm_0.66_1.00_0.01,enc_avif,quality_auto/Raccoon__R_W_Logo.png
2024-11-24 13:03:06,434 - INFO - Found image: https://static.wixstatic.com/media/706fa0_a908c5f3c77c490286eeb087d7ccc089~mv2.png/v1/fill/w_49,h_36,al_c,q_85,usm_0.66_1.00_0.01,blur_2,enc_auto/706fa0_a908c5f3c77c490286eeb087d7ccc089~mv2.png
2024-11-24 13:03:06,434 - INFO - Selected this image URL
2024-11-24 13:03:06,434 - INFO - Modified image URL: https://static.wixstatic.com/media/706fa0_a908c5f3c77c490286eeb087d7ccc089~mv2.png/v1/fill/w_1500,h_1500,al_c/706fa0_a908c5f3c77c490286eeb087d7ccc089~mv2.png
2024-11-24 13:03:06,434 - INFO - Found product details - Name: Aegis Shield, Image: https://static.wixstatic.com/media/706fa0_a908c5f3c77c490286eeb087d7ccc089~mv2.png/v1/fill/w_1500,h_1500,al_c/706fa0_a908c5f3c77c490286eeb087d7ccc089~mv2.png
2024-11-24 13:03:06,435 - INFO - Found product: Aegis Shield
2024-11-24 13:03:06,435 - INFO - Found image URL: https://static.wixstatic.com/media/706fa0_a908c5f3c77c490286eeb087d7ccc089~mv2.png/v1/fill/w_1500,h_1500,al_c/706fa0_a908c5f3c77c490286eeb087d7ccc089~mv2.png
2024-11-24 13:03:11,321 - INFO - Successfully processed product 16 of unlimited
2024-11-24 13:03:13,327 - INFO - Visiting product page: https://www.raccoonfireworksusa.com/product-page/azuranova
2024-11-24 13:03:14,727 - INFO - 
DEBUG: All image URLs found:
2024-11-24 13:03:14,728 - INFO - Found image: https://static.wixstatic.com/media/706fa0_6b3133068fd54e26bf811ac929983e95~mv2.png/v1/fill/w_92,h_93,al_c,q_85,usm_0.66_1.00_0.01,enc_auto/Raccoon__R_W_Logo.png
2024-11-24 13:03:14,728 - INFO - Found image: https://static.wixstatic.com/media/706fa0_881a022b7a074a6d88c486f98f8df807~mv2.png/v1/fill/w_45,h_49,al_c,q_85,usm_0.66_1.00_0.01,blur_2,enc_auto/706fa0_881a022b7a074a6d88c486f98f8df807~mv2.png
2024-11-24 13:03:14,728 - INFO - Selected this image URL
2024-11-24 13:03:14,728 - INFO - Modified image URL: https://static.wixstatic.com/media/706fa0_881a022b7a074a6d88c486f98f8df807~mv2.png/v1/fill/w_1500,h_1500,al_c/706fa0_881a022b7a074a6d88c486f98f8df807~mv2.png
2024-11-24 13:03:14,728 - INFO - Found product details - Name: AzuraNova, Image: https://static.wixstatic.com/media/706fa0_881a022b7a074a6d88c486f98f8df807~mv2.png/v1/fill/w_1500,h_1500,al_c/706fa0_881a022b7a074a6d88c486f98f8df807~mv2.png
2024-11-24 13:03:14,730 - INFO - Found product: AzuraNova
2024-11-24 13:03:14,730 - INFO - Found image URL: https://static.wixstatic.com/media/706fa0_881a022b7a074a6d88c486f98f8df807~mv2.png/v1/fill/w_1500,h_1500,al_c/706fa0_881a022b7a074a6d88c486f98f8df807~mv2.png
2024-11-24 13:03:18,856 - INFO - Successfully processed product 17 of unlimited
2024-11-24 13:03:20,858 - INFO - Visiting product page: https://www.raccoonfireworksusa.com/product-page/azurallure
2024-11-24 13:03:21,990 - INFO - 
DEBUG: All image URLs found:
2024-11-24 13:03:21,991 - INFO - Found image: https://static.wixstatic.com/media/706fa0_6b3133068fd54e26bf811ac929983e95~mv2.png/v1/fill/w_92,h_93,al_c,q_85,usm_0.66_1.00_0.01,enc_avif,quality_auto/Raccoon__R_W_Logo.png
2024-11-24 13:03:21,992 - INFO - Found image: https://static.wixstatic.com/media/706fa0_37063aacb191467798a25e9f38caa4f8~mv2.png/v1/fill/w_49,h_36,al_c,q_85,usm_0.66_1.00_0.01,blur_2,enc_auto/706fa0_37063aacb191467798a25e9f38caa4f8~mv2.png
2024-11-24 13:03:21,992 - INFO - Selected this image URL
2024-11-24 13:03:21,992 - INFO - Modified image URL: https://static.wixstatic.com/media/706fa0_37063aacb191467798a25e9f38caa4f8~mv2.png/v1/fill/w_1500,h_1500,al_c/706fa0_37063aacb191467798a25e9f38caa4f8~mv2.png
2024-11-24 13:03:21,992 - INFO - Found product details - Name: AzurAllure, Image: https://static.wixstatic.com/media/706fa0_37063aacb191467798a25e9f38caa4f8~mv2.png/v1/fill/w_1500,h_1500,al_c/706fa0_37063aacb191467798a25e9f38caa4f8~mv2.png
2024-11-24 13:03:21,994 - INFO - Found product: AzurAllure
2024-11-24 13:03:21,994 - INFO - Found image URL: https://static.wixstatic.com/media/706fa0_37063aacb191467798a25e9f38caa4f8~mv2.png/v1/fill/w_1500,h_1500,al_c/706fa0_37063aacb191467798a25e9f38caa4f8~mv2.png
2024-11-24 13:03:24,602 - INFO - Successfully processed product 18 of unlimited
2024-11-24 13:03:26,608 - INFO - Visiting product page: https://www.raccoonfireworksusa.com/product-page/novaburst
2024-11-24 13:03:27,185 - INFO - 
DEBUG: All image URLs found:
2024-11-24 13:03:27,186 - INFO - Found image: https://static.wixstatic.com/media/706fa0_6b3133068fd54e26bf811ac929983e95~mv2.png/v1/fill/w_92,h_93,al_c,q_85,usm_0.66_1.00_0.01,enc_avif,quality_auto/Raccoon__R_W_Logo.png
2024-11-24 13:03:27,186 - INFO - Found image: https://static.wixstatic.com/media/706fa0_b24912fa6b1c460b9f9a709bba6e76ff~mv2.png/v1/fill/w_49,h_32,al_c,q_85,usm_0.66_1.00_0.01,blur_2,enc_auto/706fa0_b24912fa6b1c460b9f9a709bba6e76ff~mv2.png
2024-11-24 13:03:27,186 - INFO - Selected this image URL
2024-11-24 13:03:27,186 - INFO - Modified image URL: https://static.wixstatic.com/media/706fa0_b24912fa6b1c460b9f9a709bba6e76ff~mv2.png/v1/fill/w_1500,h_1500,al_c/706fa0_b24912fa6b1c460b9f9a709bba6e76ff~mv2.png
2024-11-24 13:03:27,186 - INFO - Found product details - Name: Novaburst, Image: https://static.wixstatic.com/media/706fa0_b24912fa6b1c460b9f9a709bba6e76ff~mv2.png/v1/fill/w_1500,h_1500,al_c/706fa0_b24912fa6b1c460b9f9a709bba6e76ff~mv2.png
2024-11-24 13:03:27,187 - INFO - Found product: Novaburst
2024-11-24 13:03:27,188 - INFO - Found image URL: https://static.wixstatic.com/media/706fa0_b24912fa6b1c460b9f9a709bba6e76ff~mv2.png/v1/fill/w_1500,h_1500,al_c/706fa0_b24912fa6b1c460b9f9a709bba6e76ff~mv2.png
2024-11-24 13:03:30,344 - INFO - Successfully processed product 19 of unlimited
2024-11-24 13:03:32,349 - INFO - Visiting product page: https://www.raccoonfireworksusa.com/product-page/green-widow-finale
2024-11-24 13:03:33,229 - INFO - 
DEBUG: All image URLs found:
2024-11-24 13:03:33,230 - INFO - Found image: https://static.wixstatic.com/media/706fa0_6b3133068fd54e26bf811ac929983e95~mv2.png/v1/fill/w_92,h_93,al_c,q_85,usm_0.66_1.00_0.01,enc_auto/Raccoon__R_W_Logo.png
2024-11-24 13:03:33,230 - INFO - Found image: https://static.wixstatic.com/media/706fa0_e371872855b34ec48fe7278f06f9c73e~mv2.png/v1/fill/w_49,h_33,al_c,q_85,usm_0.66_1.00_0.01,blur_2,enc_auto/706fa0_e371872855b34ec48fe7278f06f9c73e~mv2.png
2024-11-24 13:03:33,230 - INFO - Selected this image URL
2024-11-24 13:03:33,230 - INFO - Modified image URL: https://static.wixstatic.com/media/706fa0_e371872855b34ec48fe7278f06f9c73e~mv2.png/v1/fill/w_1500,h_1500,al_c/706fa0_e371872855b34ec48fe7278f06f9c73e~mv2.png
2024-11-24 13:03:33,230 - INFO - Found product details - Name: Green Widow Finale, Image: https://static.wixstatic.com/media/706fa0_e371872855b34ec48fe7278f06f9c73e~mv2.png/v1/fill/w_1500,h_1500,al_c/706fa0_e371872855b34ec48fe7278f06f9c73e~mv2.png
2024-11-24 13:03:33,232 - INFO - Found product: Green Widow Finale
2024-11-24 13:03:33,232 - INFO - Found image URL: https://static.wixstatic.com/media/706fa0_e371872855b34ec48fe7278f06f9c73e~mv2.png/v1/fill/w_1500,h_1500,al_c/706fa0_e371872855b34ec48fe7278f06f9c73e~mv2.png
2024-11-24 13:03:36,167 - INFO - Successfully processed product 20 of unlimited
2024-11-24 13:03:38,191 - INFO - Moving to next page: https://www.raccoonfireworksusa.com/raccoon-1-4g-1?page=2
2024-11-24 13:03:40,197 - INFO - 
Processing page 2...
2024-11-24 13:03:40,865 - INFO - Found 20 unique product links
2024-11-24 13:03:40,865 - INFO - Visiting product page: https://www.raccoonfireworksusa.com/product-page/u-s-power-1
2024-11-24 13:03:42,957 - INFO - 
DEBUG: All image URLs found:
2024-11-24 13:03:42,958 - INFO - Found image: https://static.wixstatic.com/media/706fa0_6b3133068fd54e26bf811ac929983e95~mv2.png/v1/fill/w_92,h_93,al_c,q_85,usm_0.66_1.00_0.01,enc_auto/Raccoon__R_W_Logo.png
2024-11-24 13:03:42,958 - INFO - Found image: https://static.wixstatic.com/media/706fa0_e0309ffd8685470e8b109ff74a06a081~mv2.png/v1/fill/w_49,h_54,al_c,q_85,usm_0.66_1.00_0.01,blur_2,enc_auto/706fa0_e0309ffd8685470e8b109ff74a06a081~mv2.png
2024-11-24 13:03:42,958 - INFO - Selected this image URL
2024-11-24 13:03:42,958 - INFO - Modified image URL: https://static.wixstatic.com/media/706fa0_e0309ffd8685470e8b109ff74a06a081~mv2.png/v1/fill/w_1500,h_1500,al_c/706fa0_e0309ffd8685470e8b109ff74a06a081~mv2.png
2024-11-24 13:03:42,958 - INFO - Found product details - Name: U.S. Power, Image: https://static.wixstatic.com/media/706fa0_e0309ffd8685470e8b109ff74a06a081~mv2.png/v1/fill/w_1500,h_1500,al_c/706fa0_e0309ffd8685470e8b109ff74a06a081~mv2.png
2024-11-24 13:03:42,960 - INFO - Found product: U.S. Power
2024-11-24 13:03:42,960 - INFO - Found image URL: https://static.wixstatic.com/media/706fa0_e0309ffd8685470e8b109ff74a06a081~mv2.png/v1/fill/w_1500,h_1500,al_c/706fa0_e0309ffd8685470e8b109ff74a06a081~mv2.png
2024-11-24 13:03:46,926 - INFO - Successfully processed product 21 of unlimited
2024-11-24 13:03:48,931 - INFO - Visiting product page: https://www.raccoonfireworksusa.com/product-page/holy-waterfall
2024-11-24 13:03:49,469 - INFO - 
DEBUG: All image URLs found:
2024-11-24 13:03:49,471 - INFO - Found image: https://static.wixstatic.com/media/706fa0_6b3133068fd54e26bf811ac929983e95~mv2.png/v1/fill/w_92,h_93,al_c,q_85,usm_0.66_1.00_0.01,enc_auto/Raccoon__R_W_Logo.png
2024-11-24 13:03:49,471 - INFO - Found image: https://static.wixstatic.com/media/706fa0_79ab8fc8e44b4db2bbf2c96ccfc6346c~mv2.png/v1/fill/w_49,h_51,al_c,q_85,usm_0.66_1.00_0.01,blur_2,enc_auto/706fa0_79ab8fc8e44b4db2bbf2c96ccfc6346c~mv2.png
2024-11-24 13:03:49,471 - INFO - Selected this image URL
2024-11-24 13:03:49,471 - INFO - Modified image URL: https://static.wixstatic.com/media/706fa0_79ab8fc8e44b4db2bbf2c96ccfc6346c~mv2.png/v1/fill/w_1500,h_1500,al_c/706fa0_79ab8fc8e44b4db2bbf2c96ccfc6346c~mv2.png
2024-11-24 13:03:49,471 - INFO - Found product details - Name: Holy Waterfall, Image: https://static.wixstatic.com/media/706fa0_79ab8fc8e44b4db2bbf2c96ccfc6346c~mv2.png/v1/fill/w_1500,h_1500,al_c/706fa0_79ab8fc8e44b4db2bbf2c96ccfc6346c~mv2.png
2024-11-24 13:03:49,473 - INFO - Found product: Holy Waterfall
2024-11-24 13:03:49,473 - INFO - Found image URL: https://static.wixstatic.com/media/706fa0_79ab8fc8e44b4db2bbf2c96ccfc6346c~mv2.png/v1/fill/w_1500,h_1500,al_c/706fa0_79ab8fc8e44b4db2bbf2c96ccfc6346c~mv2.png
2024-11-24 13:03:52,870 - INFO - Successfully processed product 22 of unlimited
2024-11-24 13:03:54,876 - INFO - Visiting product page: https://www.raccoonfireworksusa.com/product-page/fiesta-de-alegría-festival-of-joy
2024-11-24 13:03:55,288 - INFO - 
DEBUG: All image URLs found:
2024-11-24 13:03:55,289 - INFO - Found image: https://static.wixstatic.com/media/706fa0_6b3133068fd54e26bf811ac929983e95~mv2.png/v1/fill/w_92,h_93,al_c,q_85,usm_0.66_1.00_0.01,enc_auto/Raccoon__R_W_Logo.png
2024-11-24 13:03:55,289 - INFO - Found image: https://static.wixstatic.com/media/706fa0_bd8e8ed0726a48999b99bbfcda3317d3~mv2.png/v1/fill/w_49,h_26,al_c,q_85,usm_0.66_1.00_0.01,blur_2,enc_auto/706fa0_bd8e8ed0726a48999b99bbfcda3317d3~mv2.png
2024-11-24 13:03:55,289 - INFO - Selected this image URL
2024-11-24 13:03:55,289 - INFO - Modified image URL: https://static.wixstatic.com/media/706fa0_bd8e8ed0726a48999b99bbfcda3317d3~mv2.png/v1/fill/w_1500,h_1500,al_c/706fa0_bd8e8ed0726a48999b99bbfcda3317d3~mv2.png
2024-11-24 13:03:55,289 - INFO - Found product details - Name: Fiesta de Alegría - Festival of Joy, Image: https://static.wixstatic.com/media/706fa0_bd8e8ed0726a48999b99bbfcda3317d3~mv2.png/v1/fill/w_1500,h_1500,al_c/706fa0_bd8e8ed0726a48999b99bbfcda3317d3~mv2.png
2024-11-24 13:03:55,291 - INFO - Found product: Fiesta de Alegría - Festival of Joy
2024-11-24 13:03:55,291 - INFO - Found image URL: https://static.wixstatic.com/media/706fa0_bd8e8ed0726a48999b99bbfcda3317d3~mv2.png/v1/fill/w_1500,h_1500,al_c/706fa0_bd8e8ed0726a48999b99bbfcda3317d3~mv2.png
2024-11-24 13:04:01,997 - INFO - Successfully processed product 23 of unlimited
2024-11-24 13:04:04,003 - INFO - Visiting product page: https://www.raccoonfireworksusa.com/product-page/dancing-waterfall
2024-11-24 13:04:05,886 - INFO - 
DEBUG: All image URLs found:
2024-11-24 13:04:05,887 - INFO - Found image: https://static.wixstatic.com/media/706fa0_6b3133068fd54e26bf811ac929983e95~mv2.png/v1/fill/w_92,h_93,al_c,q_85,usm_0.66_1.00_0.01,enc_auto/Raccoon__R_W_Logo.png
2024-11-24 13:04:05,887 - INFO - Found image: https://static.wixstatic.com/media/706fa0_a1d1ce81164a4775a162345bfd9688b6~mv2.png/v1/fill/w_49,h_43,al_c,q_85,usm_0.66_1.00_0.01,blur_2,enc_auto/706fa0_a1d1ce81164a4775a162345bfd9688b6~mv2.png
2024-11-24 13:04:05,887 - INFO - Selected this image URL
2024-11-24 13:04:05,887 - INFO - Modified image URL: https://static.wixstatic.com/media/706fa0_a1d1ce81164a4775a162345bfd9688b6~mv2.png/v1/fill/w_1500,h_1500,al_c/706fa0_a1d1ce81164a4775a162345bfd9688b6~mv2.png
2024-11-24 13:04:05,887 - INFO - Found product details - Name: Dancing Waterfall, Image: https://static.wixstatic.com/media/706fa0_a1d1ce81164a4775a162345bfd9688b6~mv2.png/v1/fill/w_1500,h_1500,al_c/706fa0_a1d1ce81164a4775a162345bfd9688b6~mv2.png
2024-11-24 13:04:05,889 - INFO - Found product: Dancing Waterfall
2024-11-24 13:04:05,889 - INFO - Found image URL: https://static.wixstatic.com/media/706fa0_a1d1ce81164a4775a162345bfd9688b6~mv2.png/v1/fill/w_1500,h_1500,al_c/706fa0_a1d1ce81164a4775a162345bfd9688b6~mv2.png
2024-11-24 13:04:08,749 - INFO - Successfully processed product 24 of unlimited
2024-11-24 13:04:10,755 - INFO - Visiting product page: https://www.raccoonfireworksusa.com/product-page/the-big-wig
2024-11-24 13:04:11,270 - INFO - 
DEBUG: All image URLs found:
2024-11-24 13:04:11,271 - INFO - Found image: https://static.wixstatic.com/media/706fa0_6b3133068fd54e26bf811ac929983e95~mv2.png/v1/fill/w_92,h_93,al_c,q_85,usm_0.66_1.00_0.01,enc_auto/Raccoon__R_W_Logo.png
2024-11-24 13:04:11,271 - INFO - Found image: https://static.wixstatic.com/media/706fa0_3ce77fa1acef4799a390fe7a8e709e55~mv2.png/v1/fill/w_76,h_59,al_c,q_85,usm_0.66_1.00_0.01,blur_2,enc_auto/706fa0_3ce77fa1acef4799a390fe7a8e709e55~mv2.png
2024-11-24 13:04:11,271 - INFO - Selected this image URL
2024-11-24 13:04:11,271 - INFO - Modified image URL: https://static.wixstatic.com/media/706fa0_3ce77fa1acef4799a390fe7a8e709e55~mv2.png/v1/fill/w_1500,h_1500,al_c/706fa0_3ce77fa1acef4799a390fe7a8e709e55~mv2.png
2024-11-24 13:04:11,271 - INFO - Found product details - Name: The Big Wig, Image: https://static.wixstatic.com/media/706fa0_3ce77fa1acef4799a390fe7a8e709e55~mv2.png/v1/fill/w_1500,h_1500,al_c/706fa0_3ce77fa1acef4799a390fe7a8e709e55~mv2.png
2024-11-24 13:04:11,273 - INFO - Found product: The Big Wig
2024-11-24 13:04:11,273 - INFO - Found image URL: https://static.wixstatic.com/media/706fa0_3ce77fa1acef4799a390fe7a8e709e55~mv2.png/v1/fill/w_1500,h_1500,al_c/706fa0_3ce77fa1acef4799a390fe7a8e709e55~mv2.png
2024-11-24 13:04:16,046 - INFO - Successfully processed product 25 of unlimited
2024-11-24 13:04:18,051 - INFO - Visiting product page: https://www.raccoonfireworksusa.com/product-page/route-66-spectacle
2024-11-24 13:04:18,430 - INFO - 
DEBUG: All image URLs found:
2024-11-24 13:04:18,431 - INFO - Found image: https://static.wixstatic.com/media/706fa0_6b3133068fd54e26bf811ac929983e95~mv2.png/v1/fill/w_92,h_93,al_c,q_85,usm_0.66_1.00_0.01,enc_auto/Raccoon__R_W_Logo.png
2024-11-24 13:04:18,431 - INFO - Found image: https://static.wixstatic.com/media/706fa0_30b8b9f33033482d859bf0d6b87a1a1f~mv2.png/v1/fill/w_49,h_28,al_c,q_85,usm_0.66_1.00_0.01,blur_2,enc_auto/706fa0_30b8b9f33033482d859bf0d6b87a1a1f~mv2.png
2024-11-24 13:04:18,431 - INFO - Selected this image URL
2024-11-24 13:04:18,431 - INFO - Modified image URL: https://static.wixstatic.com/media/706fa0_30b8b9f33033482d859bf0d6b87a1a1f~mv2.png/v1/fill/w_1500,h_1500,al_c/706fa0_30b8b9f33033482d859bf0d6b87a1a1f~mv2.png
2024-11-24 13:04:18,431 - INFO - Found product details - Name: Route 66 Spectacle, Image: https://static.wixstatic.com/media/706fa0_30b8b9f33033482d859bf0d6b87a1a1f~mv2.png/v1/fill/w_1500,h_1500,al_c/706fa0_30b8b9f33033482d859bf0d6b87a1a1f~mv2.png
2024-11-24 13:04:18,433 - INFO - Found product: Route 66 Spectacle
2024-11-24 13:04:18,433 - INFO - Found image URL: https://static.wixstatic.com/media/706fa0_30b8b9f33033482d859bf0d6b87a1a1f~mv2.png/v1/fill/w_1500,h_1500,al_c/706fa0_30b8b9f33033482d859bf0d6b87a1a1f~mv2.png
2024-11-24 13:04:21,004 - INFO - Successfully processed product 26 of unlimited
2024-11-24 13:04:23,009 - INFO - Visiting product page: https://www.raccoonfireworksusa.com/product-page/captain-raccoon-1
2024-11-24 13:04:23,717 - INFO - 
DEBUG: All image URLs found:
2024-11-24 13:04:23,718 - INFO - Found image: https://static.wixstatic.com/media/706fa0_6b3133068fd54e26bf811ac929983e95~mv2.png/v1/fill/w_92,h_93,al_c,q_85,usm_0.66_1.00_0.01,enc_auto/Raccoon__R_W_Logo.png
2024-11-24 13:04:23,718 - INFO - Found image: https://static.wixstatic.com/media/706fa0_d9857a90640e475fb0e7342ec0333547~mv2.png/v1/fill/w_63,h_65,al_c,q_85,usm_0.66_1.00_0.01,blur_2,enc_auto/706fa0_d9857a90640e475fb0e7342ec0333547~mv2.png
2024-11-24 13:04:23,718 - INFO - Selected this image URL
2024-11-24 13:04:23,718 - INFO - Modified image URL: https://static.wixstatic.com/media/706fa0_d9857a90640e475fb0e7342ec0333547~mv2.png/v1/fill/w_1500,h_1500,al_c/706fa0_d9857a90640e475fb0e7342ec0333547~mv2.png
2024-11-24 13:04:23,718 - INFO - Found product details - Name: Captain Raccoon, Image: https://static.wixstatic.com/media/706fa0_d9857a90640e475fb0e7342ec0333547~mv2.png/v1/fill/w_1500,h_1500,al_c/706fa0_d9857a90640e475fb0e7342ec0333547~mv2.png
2024-11-24 13:04:23,720 - INFO - Found product: Captain Raccoon
2024-11-24 13:04:23,720 - INFO - Found image URL: https://static.wixstatic.com/media/706fa0_d9857a90640e475fb0e7342ec0333547~mv2.png/v1/fill/w_1500,h_1500,al_c/706fa0_d9857a90640e475fb0e7342ec0333547~mv2.png
2024-11-24 13:04:27,283 - INFO - Successfully processed product 27 of unlimited
2024-11-24 13:04:29,286 - INFO - Visiting product page: https://www.raccoonfireworksusa.com/product-page/triumphant-thrive
2024-11-24 13:04:29,744 - INFO - 
DEBUG: All image URLs found:
2024-11-24 13:04:29,745 - INFO - Found image: https://static.wixstatic.com/media/706fa0_6b3133068fd54e26bf811ac929983e95~mv2.png/v1/fill/w_92,h_93,al_c,q_85,usm_0.66_1.00_0.01,enc_auto/Raccoon__R_W_Logo.png
2024-11-24 13:04:29,745 - INFO - Found image: https://static.wixstatic.com/media/706fa0_2cb5f8f0851f461698bed9027c0f9852~mv2.png/v1/fill/w_49,h_25,al_c,q_85,usm_0.66_1.00_0.01,blur_2,enc_auto/706fa0_2cb5f8f0851f461698bed9027c0f9852~mv2.png
2024-11-24 13:04:29,745 - INFO - Selected this image URL
2024-11-24 13:04:29,746 - INFO - Modified image URL: https://static.wixstatic.com/media/706fa0_2cb5f8f0851f461698bed9027c0f9852~mv2.png/v1/fill/w_1500,h_1500,al_c/706fa0_2cb5f8f0851f461698bed9027c0f9852~mv2.png
2024-11-24 13:04:29,746 - INFO - Found product details - Name: Triumphant Thrive, Image: https://static.wixstatic.com/media/706fa0_2cb5f8f0851f461698bed9027c0f9852~mv2.png/v1/fill/w_1500,h_1500,al_c/706fa0_2cb5f8f0851f461698bed9027c0f9852~mv2.png
2024-11-24 13:04:29,747 - INFO - Found product: Triumphant Thrive
2024-11-24 13:04:29,747 - INFO - Found image URL: https://static.wixstatic.com/media/706fa0_2cb5f8f0851f461698bed9027c0f9852~mv2.png/v1/fill/w_1500,h_1500,al_c/706fa0_2cb5f8f0851f461698bed9027c0f9852~mv2.png
2024-11-24 13:04:35,153 - INFO - Successfully processed product 28 of unlimited
2024-11-24 13:04:37,159 - INFO - Visiting product page: https://www.raccoonfireworksusa.com/product-page/dark-instincts-1
2024-11-24 13:04:37,680 - INFO - 
DEBUG: All image URLs found:
2024-11-24 13:04:37,681 - INFO - Found image: https://static.wixstatic.com/media/706fa0_6b3133068fd54e26bf811ac929983e95~mv2.png/v1/fill/w_92,h_93,al_c,q_85,usm_0.66_1.00_0.01,enc_avif,quality_auto/Raccoon__R_W_Logo.png
2024-11-24 13:04:37,681 - INFO - Found image: https://static.wixstatic.com/media/706fa0_c495e25c3b0e46978650195f9d2b586b~mv2.png/v1/fill/w_49,h_50,al_c,q_85,usm_0.66_1.00_0.01,blur_2,enc_auto/706fa0_c495e25c3b0e46978650195f9d2b586b~mv2.png
2024-11-24 13:04:37,681 - INFO - Selected this image URL
2024-11-24 13:04:37,681 - INFO - Modified image URL: https://static.wixstatic.com/media/706fa0_c495e25c3b0e46978650195f9d2b586b~mv2.png/v1/fill/w_1500,h_1500,al_c/706fa0_c495e25c3b0e46978650195f9d2b586b~mv2.png
2024-11-24 13:04:37,681 - INFO - Found product details - Name: Dark Instincts, Image: https://static.wixstatic.com/media/706fa0_c495e25c3b0e46978650195f9d2b586b~mv2.png/v1/fill/w_1500,h_1500,al_c/706fa0_c495e25c3b0e46978650195f9d2b586b~mv2.png
2024-11-24 13:04:37,682 - INFO - Found product: Dark Instincts
2024-11-24 13:04:37,682 - INFO - Found image URL: https://static.wixstatic.com/media/706fa0_c495e25c3b0e46978650195f9d2b586b~mv2.png/v1/fill/w_1500,h_1500,al_c/706fa0_c495e25c3b0e46978650195f9d2b586b~mv2.png
2024-11-24 13:04:39,239 - INFO - Successfully processed product 29 of unlimited
2024-11-24 13:04:41,244 - INFO - Visiting product page: https://www.raccoonfireworksusa.com/product-page/hoppy-brew-bash
2024-11-24 13:04:41,641 - INFO - 
DEBUG: All image URLs found:
2024-11-24 13:04:41,642 - INFO - Found image: https://static.wixstatic.com/media/706fa0_6b3133068fd54e26bf811ac929983e95~mv2.png/v1/fill/w_92,h_93,al_c,q_85,usm_0.66_1.00_0.01,enc_avif,quality_auto/Raccoon__R_W_Logo.png
2024-11-24 13:04:41,642 - INFO - Found image: https://static.wixstatic.com/media/706fa0_e0a2829beed44d659df4fa3572fdf251~mv2.png/v1/fill/w_49,h_26,al_c,q_85,usm_0.66_1.00_0.01,blur_2,enc_auto/706fa0_e0a2829beed44d659df4fa3572fdf251~mv2.png
2024-11-24 13:04:41,642 - INFO - Selected this image URL
2024-11-24 13:04:41,642 - INFO - Modified image URL: https://static.wixstatic.com/media/706fa0_e0a2829beed44d659df4fa3572fdf251~mv2.png/v1/fill/w_1500,h_1500,al_c/706fa0_e0a2829beed44d659df4fa3572fdf251~mv2.png
2024-11-24 13:04:41,642 - INFO - Found product details - Name: Hoppy Brew Bash, Image: https://static.wixstatic.com/media/706fa0_e0a2829beed44d659df4fa3572fdf251~mv2.png/v1/fill/w_1500,h_1500,al_c/706fa0_e0a2829beed44d659df4fa3572fdf251~mv2.png
2024-11-24 13:04:41,644 - INFO - Found product: Hoppy Brew Bash
2024-11-24 13:04:41,644 - INFO - Found image URL: https://static.wixstatic.com/media/706fa0_e0a2829beed44d659df4fa3572fdf251~mv2.png/v1/fill/w_1500,h_1500,al_c/706fa0_e0a2829beed44d659df4fa3572fdf251~mv2.png
2024-11-24 13:04:43,551 - INFO - Successfully processed product 30 of unlimited
2024-11-24 13:04:45,556 - INFO - Visiting product page: https://www.raccoonfireworksusa.com/product-page/ghost-spirit-2
2024-11-24 13:04:46,252 - INFO - 
DEBUG: All image URLs found:
2024-11-24 13:04:46,253 - INFO - Found image: https://static.wixstatic.com/media/706fa0_6b3133068fd54e26bf811ac929983e95~mv2.png/v1/fill/w_92,h_93,al_c,q_85,usm_0.66_1.00_0.01,enc_auto/Raccoon__R_W_Logo.png
2024-11-24 13:04:46,253 - INFO - Found image: https://static.wixstatic.com/media/706fa0_2471143ccc6b487ebbe753ad2f32be8d~mv2.png/v1/fill/w_49,h_34,al_c,q_85,usm_0.66_1.00_0.01,blur_2,enc_auto/706fa0_2471143ccc6b487ebbe753ad2f32be8d~mv2.png
2024-11-24 13:04:46,253 - INFO - Selected this image URL
2024-11-24 13:04:46,253 - INFO - Modified image URL: https://static.wixstatic.com/media/706fa0_2471143ccc6b487ebbe753ad2f32be8d~mv2.png/v1/fill/w_1500,h_1500,al_c/706fa0_2471143ccc6b487ebbe753ad2f32be8d~mv2.png
2024-11-24 13:04:46,253 - INFO - Found product details - Name: Ghost Spirit, Image: https://static.wixstatic.com/media/706fa0_2471143ccc6b487ebbe753ad2f32be8d~mv2.png/v1/fill/w_1500,h_1500,al_c/706fa0_2471143ccc6b487ebbe753ad2f32be8d~mv2.png
2024-11-24 13:04:46,255 - INFO - Found product: Ghost Spirit
2024-11-24 13:04:46,255 - INFO - Found image URL: https://static.wixstatic.com/media/706fa0_2471143ccc6b487ebbe753ad2f32be8d~mv2.png/v1/fill/w_1500,h_1500,al_c/706fa0_2471143ccc6b487ebbe753ad2f32be8d~mv2.png
2024-11-24 13:04:48,038 - INFO - Successfully processed product 31 of unlimited
2024-11-24 13:04:50,039 - INFO - Visiting product page: https://www.raccoonfireworksusa.com/product-page/raccoon-platoon
2024-11-24 13:04:50,750 - INFO - 
DEBUG: All image URLs found:
2024-11-24 13:04:50,751 - INFO - Found image: https://static.wixstatic.com/media/706fa0_6b3133068fd54e26bf811ac929983e95~mv2.png/v1/fill/w_92,h_93,al_c,q_85,usm_0.66_1.00_0.01,enc_auto/Raccoon__R_W_Logo.png
2024-11-24 13:04:50,752 - INFO - Found image: https://static.wixstatic.com/media/706fa0_6bef502c1e8b460aa26ba8d51cc64574~mv2.png/v1/fill/w_49,h_34,al_c,q_85,usm_0.66_1.00_0.01,blur_2,enc_auto/706fa0_6bef502c1e8b460aa26ba8d51cc64574~mv2.png
2024-11-24 13:04:50,752 - INFO - Selected this image URL
2024-11-24 13:04:50,752 - INFO - Modified image URL: https://static.wixstatic.com/media/706fa0_6bef502c1e8b460aa26ba8d51cc64574~mv2.png/v1/fill/w_1500,h_1500,al_c/706fa0_6bef502c1e8b460aa26ba8d51cc64574~mv2.png
2024-11-24 13:04:50,752 - INFO - Found product details - Name: Raccoon Platoon, Image: https://static.wixstatic.com/media/706fa0_6bef502c1e8b460aa26ba8d51cc64574~mv2.png/v1/fill/w_1500,h_1500,al_c/706fa0_6bef502c1e8b460aa26ba8d51cc64574~mv2.png
2024-11-24 13:04:50,754 - INFO - Found product: Raccoon Platoon
2024-11-24 13:04:50,754 - INFO - Found image URL: https://static.wixstatic.com/media/706fa0_6bef502c1e8b460aa26ba8d51cc64574~mv2.png/v1/fill/w_1500,h_1500,al_c/706fa0_6bef502c1e8b460aa26ba8d51cc64574~mv2.png
2024-11-24 13:04:53,595 - INFO - Successfully processed product 32 of unlimited
2024-11-24 13:04:55,601 - INFO - Visiting product page: https://www.raccoonfireworksusa.com/product-page/super-metroid-1
2024-11-24 13:04:56,694 - INFO - 
DEBUG: All image URLs found:
2024-11-24 13:04:56,695 - INFO - Found image: https://static.wixstatic.com/media/706fa0_6b3133068fd54e26bf811ac929983e95~mv2.png/v1/fill/w_92,h_93,al_c,q_85,usm_0.66_1.00_0.01,enc_avif,quality_auto/Raccoon__R_W_Logo.png
2024-11-24 13:04:56,696 - INFO - Found image: https://static.wixstatic.com/media/706fa0_cbd68f1e2aca45f4a59ce40f09b7fad6~mv2.png/v1/fill/w_49,h_41,al_c,q_85,usm_0.66_1.00_0.01,blur_2,enc_auto/706fa0_cbd68f1e2aca45f4a59ce40f09b7fad6~mv2.png
2024-11-24 13:04:56,696 - INFO - Selected this image URL
2024-11-24 13:04:56,696 - INFO - Modified image URL: https://static.wixstatic.com/media/706fa0_cbd68f1e2aca45f4a59ce40f09b7fad6~mv2.png/v1/fill/w_1500,h_1500,al_c/706fa0_cbd68f1e2aca45f4a59ce40f09b7fad6~mv2.png
2024-11-24 13:04:56,696 - INFO - Found product details - Name: Super Metroid, Image: https://static.wixstatic.com/media/706fa0_cbd68f1e2aca45f4a59ce40f09b7fad6~mv2.png/v1/fill/w_1500,h_1500,al_c/706fa0_cbd68f1e2aca45f4a59ce40f09b7fad6~mv2.png
2024-11-24 13:04:56,698 - INFO - Found product: Super Metroid
2024-11-24 13:04:56,698 - INFO - Found image URL: https://static.wixstatic.com/media/706fa0_cbd68f1e2aca45f4a59ce40f09b7fad6~mv2.png/v1/fill/w_1500,h_1500,al_c/706fa0_cbd68f1e2aca45f4a59ce40f09b7fad6~mv2.png
2024-11-24 13:04:58,915 - INFO - Successfully processed product 33 of unlimited
2024-11-24 13:05:00,921 - INFO - Visiting product page: https://www.raccoonfireworksusa.com/product-page/friday-night-frenzy-1
2024-11-24 13:05:01,653 - INFO - 
DEBUG: All image URLs found:
2024-11-24 13:05:01,654 - INFO - Found image: https://static.wixstatic.com/media/706fa0_6b3133068fd54e26bf811ac929983e95~mv2.png/v1/fill/w_92,h_93,al_c,q_85,usm_0.66_1.00_0.01,enc_auto/Raccoon__R_W_Logo.png
2024-11-24 13:05:01,654 - INFO - Found image: https://static.wixstatic.com/media/706fa0_b9e5369fe9d7457e98b3907df799eb09~mv2.png/v1/fill/w_49,h_50,al_c,q_85,usm_0.66_1.00_0.01,blur_2,enc_auto/706fa0_b9e5369fe9d7457e98b3907df799eb09~mv2.png
2024-11-24 13:05:01,654 - INFO - Selected this image URL
2024-11-24 13:05:01,654 - INFO - Modified image URL: https://static.wixstatic.com/media/706fa0_b9e5369fe9d7457e98b3907df799eb09~mv2.png/v1/fill/w_1500,h_1500,al_c/706fa0_b9e5369fe9d7457e98b3907df799eb09~mv2.png
2024-11-24 13:05:01,654 - INFO - Found product details - Name: Friday Night Frenzy, Image: https://static.wixstatic.com/media/706fa0_b9e5369fe9d7457e98b3907df799eb09~mv2.png/v1/fill/w_1500,h_1500,al_c/706fa0_b9e5369fe9d7457e98b3907df799eb09~mv2.png
2024-11-24 13:05:01,656 - INFO - Found product: Friday Night Frenzy
2024-11-24 13:05:01,656 - INFO - Found image URL: https://static.wixstatic.com/media/706fa0_b9e5369fe9d7457e98b3907df799eb09~mv2.png/v1/fill/w_1500,h_1500,al_c/706fa0_b9e5369fe9d7457e98b3907df799eb09~mv2.png
2024-11-24 13:05:04,547 - INFO - Successfully processed product 34 of unlimited
2024-11-24 13:05:06,553 - INFO - Visiting product page: https://www.raccoonfireworksusa.com/product-page/how-we-got-to-the-moon-1
2024-11-24 13:05:07,242 - INFO - 
DEBUG: All image URLs found:
2024-11-24 13:05:07,243 - INFO - Found image: https://static.wixstatic.com/media/706fa0_6b3133068fd54e26bf811ac929983e95~mv2.png/v1/fill/w_92,h_93,al_c,q_85,usm_0.66_1.00_0.01,enc_auto/Raccoon__R_W_Logo.png
2024-11-24 13:05:07,244 - INFO - Found image: https://static.wixstatic.com/media/706fa0_a5210faae38c458e9a1a5290b9c1d198~mv2.png/v1/fill/w_49,h_55,al_c,q_85,usm_0.66_1.00_0.01,blur_2,enc_auto/706fa0_a5210faae38c458e9a1a5290b9c1d198~mv2.png
2024-11-24 13:05:07,244 - INFO - Selected this image URL
2024-11-24 13:05:07,244 - INFO - Modified image URL: https://static.wixstatic.com/media/706fa0_a5210faae38c458e9a1a5290b9c1d198~mv2.png/v1/fill/w_1500,h_1500,al_c/706fa0_a5210faae38c458e9a1a5290b9c1d198~mv2.png
2024-11-24 13:05:07,244 - INFO - Found product details - Name: How We Got to The Moon, Image: https://static.wixstatic.com/media/706fa0_a5210faae38c458e9a1a5290b9c1d198~mv2.png/v1/fill/w_1500,h_1500,al_c/706fa0_a5210faae38c458e9a1a5290b9c1d198~mv2.png
2024-11-24 13:05:07,246 - INFO - Found product: How We Got to The Moon
2024-11-24 13:05:07,246 - INFO - Found image URL: https://static.wixstatic.com/media/706fa0_a5210faae38c458e9a1a5290b9c1d198~mv2.png/v1/fill/w_1500,h_1500,al_c/706fa0_a5210faae38c458e9a1a5290b9c1d198~mv2.png
2024-11-24 13:05:10,014 - INFO - Successfully processed product 35 of unlimited
2024-11-24 13:05:12,019 - INFO - Visiting product page: https://www.raccoonfireworksusa.com/product-page/5-mine-storm
2024-11-24 13:05:12,674 - INFO - 
DEBUG: All image URLs found:
2024-11-24 13:05:12,675 - INFO - Found image: https://static.wixstatic.com/media/706fa0_6b3133068fd54e26bf811ac929983e95~mv2.png/v1/fill/w_92,h_93,al_c,q_85,usm_0.66_1.00_0.01,enc_auto/Raccoon__R_W_Logo.png
2024-11-24 13:05:12,675 - INFO - Found image: https://static.wixstatic.com/media/706fa0_184b4d30290c4d3391022c0ab9090b3e~mv2.png/v1/fill/w_76,h_101,al_c,q_85,usm_0.66_1.00_0.01,blur_2,enc_auto/706fa0_184b4d30290c4d3391022c0ab9090b3e~mv2.png
2024-11-24 13:05:12,675 - INFO - Selected this image URL
2024-11-24 13:05:12,675 - INFO - Modified image URL: https://static.wixstatic.com/media/706fa0_184b4d30290c4d3391022c0ab9090b3e~mv2.png/v1/fill/w_1500,h_1500,al_c/706fa0_184b4d30290c4d3391022c0ab9090b3e~mv2.png
2024-11-24 13:05:12,675 - INFO - Found product details - Name: 5" Mine Storm, Image: https://static.wixstatic.com/media/706fa0_184b4d30290c4d3391022c0ab9090b3e~mv2.png/v1/fill/w_1500,h_1500,al_c/706fa0_184b4d30290c4d3391022c0ab9090b3e~mv2.png
2024-11-24 13:05:12,677 - INFO - Found product: 5" Mine Storm
2024-11-24 13:05:12,677 - INFO - Found image URL: https://static.wixstatic.com/media/706fa0_184b4d30290c4d3391022c0ab9090b3e~mv2.png/v1/fill/w_1500,h_1500,al_c/706fa0_184b4d30290c4d3391022c0ab9090b3e~mv2.png
2024-11-24 13:05:15,789 - INFO - Successfully processed product 36 of unlimited
2024-11-24 13:05:17,792 - INFO - Visiting product page: https://www.raccoonfireworksusa.com/product-page/primal-scream-1
2024-11-24 13:05:18,241 - INFO - 
DEBUG: All image URLs found:
2024-11-24 13:05:18,242 - INFO - Found image: https://static.wixstatic.com/media/706fa0_6b3133068fd54e26bf811ac929983e95~mv2.png/v1/fill/w_92,h_93,al_c,q_85,usm_0.66_1.00_0.01,enc_auto/Raccoon__R_W_Logo.png
2024-11-24 13:05:18,242 - INFO - Found image: https://static.wixstatic.com/media/706fa0_ac70f3fcb5b54efc86afd895273f8fcb~mv2.png/v1/fill/w_49,h_51,al_c,q_85,usm_0.66_1.00_0.01,blur_2,enc_auto/706fa0_ac70f3fcb5b54efc86afd895273f8fcb~mv2.png
2024-11-24 13:05:18,242 - INFO - Selected this image URL
2024-11-24 13:05:18,242 - INFO - Modified image URL: https://static.wixstatic.com/media/706fa0_ac70f3fcb5b54efc86afd895273f8fcb~mv2.png/v1/fill/w_1500,h_1500,al_c/706fa0_ac70f3fcb5b54efc86afd895273f8fcb~mv2.png
2024-11-24 13:05:18,242 - INFO - Found product details - Name: Primal Scream, Image: https://static.wixstatic.com/media/706fa0_ac70f3fcb5b54efc86afd895273f8fcb~mv2.png/v1/fill/w_1500,h_1500,al_c/706fa0_ac70f3fcb5b54efc86afd895273f8fcb~mv2.png
2024-11-24 13:05:18,244 - INFO - Found product: Primal Scream
2024-11-24 13:05:18,244 - INFO - Found image URL: https://static.wixstatic.com/media/706fa0_ac70f3fcb5b54efc86afd895273f8fcb~mv2.png/v1/fill/w_1500,h_1500,al_c/706fa0_ac70f3fcb5b54efc86afd895273f8fcb~mv2.png
2024-11-24 13:05:19,843 - INFO - Successfully processed product 37 of unlimited
2024-11-24 13:05:21,847 - INFO - Visiting product page: https://www.raccoonfireworksusa.com/product-page/gold-dust-1
2024-11-24 13:05:22,691 - INFO - 
DEBUG: All image URLs found:
2024-11-24 13:05:22,692 - INFO - Found image: https://static.wixstatic.com/media/706fa0_6b3133068fd54e26bf811ac929983e95~mv2.png/v1/fill/w_92,h_93,al_c,q_85,usm_0.66_1.00_0.01,enc_avif,quality_auto/Raccoon__R_W_Logo.png
2024-11-24 13:05:22,692 - INFO - Found image: https://static.wixstatic.com/media/706fa0_f6a911a2d0c340fab55dce34b018d446~mv2.png/v1/fill/w_49,h_53,al_c,q_85,usm_0.66_1.00_0.01,blur_2,enc_auto/706fa0_f6a911a2d0c340fab55dce34b018d446~mv2.png
2024-11-24 13:05:22,692 - INFO - Selected this image URL
2024-11-24 13:05:22,692 - INFO - Modified image URL: https://static.wixstatic.com/media/706fa0_f6a911a2d0c340fab55dce34b018d446~mv2.png/v1/fill/w_1500,h_1500,al_c/706fa0_f6a911a2d0c340fab55dce34b018d446~mv2.png
2024-11-24 13:05:22,693 - INFO - Found product details - Name: Gold Dust, Image: https://static.wixstatic.com/media/706fa0_f6a911a2d0c340fab55dce34b018d446~mv2.png/v1/fill/w_1500,h_1500,al_c/706fa0_f6a911a2d0c340fab55dce34b018d446~mv2.png
2024-11-24 13:05:22,694 - INFO - Found product: Gold Dust
2024-11-24 13:05:22,695 - INFO - Found image URL: https://static.wixstatic.com/media/706fa0_f6a911a2d0c340fab55dce34b018d446~mv2.png/v1/fill/w_1500,h_1500,al_c/706fa0_f6a911a2d0c340fab55dce34b018d446~mv2.png
2024-11-24 13:05:25,378 - INFO - Successfully processed product 38 of unlimited
2024-11-24 13:05:27,383 - INFO - Visiting product page: https://www.raccoonfireworksusa.com/product-page/sold-out-1
2024-11-24 13:05:28,048 - INFO - 
DEBUG: All image URLs found:
2024-11-24 13:05:28,048 - INFO - Found image: https://static.wixstatic.com/media/706fa0_6b3133068fd54e26bf811ac929983e95~mv2.png/v1/fill/w_92,h_93,al_c,q_85,usm_0.66_1.00_0.01,enc_avif,quality_auto/Raccoon__R_W_Logo.png
2024-11-24 13:05:28,049 - INFO - Found image: https://static.wixstatic.com/media/706fa0_ee200e7f27d84246b6f45344fb704c0d~mv2.png/v1/fill/w_52,h_58,al_c,q_85,usm_0.66_1.00_0.01,blur_2,enc_auto/706fa0_ee200e7f27d84246b6f45344fb704c0d~mv2.png
2024-11-24 13:05:28,049 - INFO - Selected this image URL
2024-11-24 13:05:28,049 - INFO - Modified image URL: https://static.wixstatic.com/media/706fa0_ee200e7f27d84246b6f45344fb704c0d~mv2.png/v1/fill/w_1500,h_1500,al_c/706fa0_ee200e7f27d84246b6f45344fb704c0d~mv2.png
2024-11-24 13:05:28,049 - INFO - Found product details - Name: Sold Out, Image: https://static.wixstatic.com/media/706fa0_ee200e7f27d84246b6f45344fb704c0d~mv2.png/v1/fill/w_1500,h_1500,al_c/706fa0_ee200e7f27d84246b6f45344fb704c0d~mv2.png
2024-11-24 13:05:28,050 - INFO - Found product: Sold Out
2024-11-24 13:05:28,050 - INFO - Found image URL: https://static.wixstatic.com/media/706fa0_ee200e7f27d84246b6f45344fb704c0d~mv2.png/v1/fill/w_1500,h_1500,al_c/706fa0_ee200e7f27d84246b6f45344fb704c0d~mv2.png
2024-11-24 13:05:33,455 - INFO - Successfully processed product 39 of unlimited
2024-11-24 13:05:35,459 - INFO - Visiting product page: https://www.raccoonfireworksusa.com/product-page/howling-nishiki
2024-11-24 13:05:36,958 - INFO - 
DEBUG: All image URLs found:
2024-11-24 13:05:36,959 - INFO - Found image: https://static.wixstatic.com/media/706fa0_6b3133068fd54e26bf811ac929983e95~mv2.png/v1/fill/w_92,h_93,al_c,q_85,usm_0.66_1.00_0.01,enc_auto/Raccoon__R_W_Logo.png
2024-11-24 13:05:36,959 - INFO - Found image: https://static.wixstatic.com/media/706fa0_abf1c54480544f3f820f3be27ce84859~mv2.png/v1/fill/w_49,h_48,al_c,q_85,usm_0.66_1.00_0.01,blur_2,enc_auto/706fa0_abf1c54480544f3f820f3be27ce84859~mv2.png
2024-11-24 13:05:36,959 - INFO - Selected this image URL
2024-11-24 13:05:36,960 - INFO - Modified image URL: https://static.wixstatic.com/media/706fa0_abf1c54480544f3f820f3be27ce84859~mv2.png/v1/fill/w_1500,h_1500,al_c/706fa0_abf1c54480544f3f820f3be27ce84859~mv2.png
2024-11-24 13:05:36,960 - INFO - Found product details - Name: Howling Nishiki, Image: https://static.wixstatic.com/media/706fa0_abf1c54480544f3f820f3be27ce84859~mv2.png/v1/fill/w_1500,h_1500,al_c/706fa0_abf1c54480544f3f820f3be27ce84859~mv2.png
2024-11-24 13:05:36,961 - INFO - Found product: Howling Nishiki
2024-11-24 13:05:36,961 - INFO - Found image URL: https://static.wixstatic.com/media/706fa0_abf1c54480544f3f820f3be27ce84859~mv2.png/v1/fill/w_1500,h_1500,al_c/706fa0_abf1c54480544f3f820f3be27ce84859~mv2.png
2024-11-24 13:05:40,105 - INFO - Successfully processed product 40 of unlimited
2024-11-24 13:05:42,122 - INFO - Moving to next page: https://www.raccoonfireworksusa.com/raccoon-1-4g-1?page=3
2024-11-24 13:05:44,128 - INFO - 
Processing page 3...
2024-11-24 13:05:44,957 - INFO - Found 20 unique product links
2024-11-24 13:05:44,957 - INFO - Visiting product page: https://www.raccoonfireworksusa.com/product-page/how-we-got-to-the-moon
2024-11-24 13:05:46,423 - INFO - 
DEBUG: All image URLs found:
2024-11-24 13:05:46,425 - INFO - Found image: https://static.wixstatic.com/media/706fa0_6b3133068fd54e26bf811ac929983e95~mv2.png/v1/fill/w_92,h_93,al_c,q_85,usm_0.66_1.00_0.01,enc_avif,quality_auto/Raccoon__R_W_Logo.png
2024-11-24 13:05:46,425 - INFO - Found image: https://static.wixstatic.com/media/706fa0_a5210faae38c458e9a1a5290b9c1d198~mv2.png/v1/fill/w_49,h_55,al_c,q_85,usm_0.66_1.00_0.01,blur_2,enc_auto/706fa0_a5210faae38c458e9a1a5290b9c1d198~mv2.png
2024-11-24 13:05:46,425 - INFO - Selected this image URL
2024-11-24 13:05:46,425 - INFO - Modified image URL: https://static.wixstatic.com/media/706fa0_a5210faae38c458e9a1a5290b9c1d198~mv2.png/v1/fill/w_1500,h_1500,al_c/706fa0_a5210faae38c458e9a1a5290b9c1d198~mv2.png
2024-11-24 13:05:46,425 - INFO - Found product details - Name: How We Got to The Moon, Image: https://static.wixstatic.com/media/706fa0_a5210faae38c458e9a1a5290b9c1d198~mv2.png/v1/fill/w_1500,h_1500,al_c/706fa0_a5210faae38c458e9a1a5290b9c1d198~mv2.png
2024-11-24 13:05:46,427 - INFO - Found product: How We Got to The Moon
2024-11-24 13:05:46,427 - INFO - Found image URL: https://static.wixstatic.com/media/706fa0_a5210faae38c458e9a1a5290b9c1d198~mv2.png/v1/fill/w_1500,h_1500,al_c/706fa0_a5210faae38c458e9a1a5290b9c1d198~mv2.png
2024-11-24 13:05:46,428 - INFO - Product already exists with no changes
2024-11-24 13:05:48,430 - INFO - Visiting product page: https://www.raccoonfireworksusa.com/product-page/valley-of-silence-1
2024-11-24 13:05:49,103 - INFO - 
DEBUG: All image URLs found:
2024-11-24 13:05:49,104 - INFO - Found image: https://static.wixstatic.com/media/706fa0_6b3133068fd54e26bf811ac929983e95~mv2.png/v1/fill/w_92,h_93,al_c,q_85,usm_0.66_1.00_0.01,enc_auto/Raccoon__R_W_Logo.png
2024-11-24 13:05:49,104 - INFO - Found image: https://static.wixstatic.com/media/706fa0_7314c2842504485f832488da3b4b7c83~mv2.png/v1/fill/w_49,h_40,al_c,q_85,usm_0.66_1.00_0.01,blur_2,enc_auto/706fa0_7314c2842504485f832488da3b4b7c83~mv2.png
2024-11-24 13:05:49,104 - INFO - Selected this image URL
2024-11-24 13:05:49,104 - INFO - Modified image URL: https://static.wixstatic.com/media/706fa0_7314c2842504485f832488da3b4b7c83~mv2.png/v1/fill/w_1500,h_1500,al_c/706fa0_7314c2842504485f832488da3b4b7c83~mv2.png
2024-11-24 13:05:49,104 - INFO - Found product details - Name: Valley Of Silence, Image: https://static.wixstatic.com/media/706fa0_7314c2842504485f832488da3b4b7c83~mv2.png/v1/fill/w_1500,h_1500,al_c/706fa0_7314c2842504485f832488da3b4b7c83~mv2.png
2024-11-24 13:05:49,106 - INFO - Found product: Valley Of Silence
2024-11-24 13:05:49,106 - INFO - Found image URL: https://static.wixstatic.com/media/706fa0_7314c2842504485f832488da3b4b7c83~mv2.png/v1/fill/w_1500,h_1500,al_c/706fa0_7314c2842504485f832488da3b4b7c83~mv2.png
2024-11-24 13:05:54,899 - INFO - Successfully processed product 41 of unlimited
2024-11-24 13:05:56,905 - INFO - Visiting product page: https://www.raccoonfireworksusa.com/product-page/sold-out
2024-11-24 13:05:57,411 - INFO - 
DEBUG: All image URLs found:
2024-11-24 13:05:57,412 - INFO - Found image: https://static.wixstatic.com/media/706fa0_6b3133068fd54e26bf811ac929983e95~mv2.png/v1/fill/w_92,h_93,al_c,q_85,usm_0.66_1.00_0.01,enc_avif,quality_auto/Raccoon__R_W_Logo.png
2024-11-24 13:05:57,412 - INFO - Found image: https://static.wixstatic.com/media/706fa0_ee200e7f27d84246b6f45344fb704c0d~mv2.png/v1/fill/w_52,h_58,al_c,q_85,usm_0.66_1.00_0.01,blur_2,enc_auto/706fa0_ee200e7f27d84246b6f45344fb704c0d~mv2.png
2024-11-24 13:05:57,412 - INFO - Selected this image URL
2024-11-24 13:05:57,412 - INFO - Modified image URL: https://static.wixstatic.com/media/706fa0_ee200e7f27d84246b6f45344fb704c0d~mv2.png/v1/fill/w_1500,h_1500,al_c/706fa0_ee200e7f27d84246b6f45344fb704c0d~mv2.png
2024-11-24 13:05:57,412 - INFO - Found product details - Name: Sold Out, Image: https://static.wixstatic.com/media/706fa0_ee200e7f27d84246b6f45344fb704c0d~mv2.png/v1/fill/w_1500,h_1500,al_c/706fa0_ee200e7f27d84246b6f45344fb704c0d~mv2.png
2024-11-24 13:05:57,414 - INFO - Found product: Sold Out
2024-11-24 13:05:57,414 - INFO - Found image URL: https://static.wixstatic.com/media/706fa0_ee200e7f27d84246b6f45344fb704c0d~mv2.png/v1/fill/w_1500,h_1500,al_c/706fa0_ee200e7f27d84246b6f45344fb704c0d~mv2.png
2024-11-24 13:05:57,416 - INFO - Product already exists with no changes
2024-11-24 13:05:59,421 - INFO - Visiting product page: https://www.raccoonfireworksusa.com/product-page/gold-dust
2024-11-24 13:05:59,898 - INFO - 
DEBUG: All image URLs found:
2024-11-24 13:05:59,899 - INFO - Found image: https://static.wixstatic.com/media/706fa0_6b3133068fd54e26bf811ac929983e95~mv2.png/v1/fill/w_92,h_93,al_c,q_85,usm_0.66_1.00_0.01,enc_auto/Raccoon__R_W_Logo.png
2024-11-24 13:05:59,900 - INFO - Found image: https://static.wixstatic.com/media/706fa0_f6a911a2d0c340fab55dce34b018d446~mv2.png/v1/fill/w_49,h_53,al_c,q_85,usm_0.66_1.00_0.01,blur_2,enc_auto/706fa0_f6a911a2d0c340fab55dce34b018d446~mv2.png
2024-11-24 13:05:59,900 - INFO - Selected this image URL
2024-11-24 13:05:59,900 - INFO - Modified image URL: https://static.wixstatic.com/media/706fa0_f6a911a2d0c340fab55dce34b018d446~mv2.png/v1/fill/w_1500,h_1500,al_c/706fa0_f6a911a2d0c340fab55dce34b018d446~mv2.png
2024-11-24 13:05:59,900 - INFO - Found product details - Name: Gold Dust, Image: https://static.wixstatic.com/media/706fa0_f6a911a2d0c340fab55dce34b018d446~mv2.png/v1/fill/w_1500,h_1500,al_c/706fa0_f6a911a2d0c340fab55dce34b018d446~mv2.png
2024-11-24 13:05:59,902 - INFO - Found product: Gold Dust
2024-11-24 13:05:59,902 - INFO - Found image URL: https://static.wixstatic.com/media/706fa0_f6a911a2d0c340fab55dce34b018d446~mv2.png/v1/fill/w_1500,h_1500,al_c/706fa0_f6a911a2d0c340fab55dce34b018d446~mv2.png
2024-11-24 13:05:59,903 - INFO - Product already exists with no changes
2024-11-24 13:06:01,908 - INFO - Visiting product page: https://www.raccoonfireworksusa.com/product-page/uncle-sam-american-anthem
2024-11-24 13:06:02,617 - INFO - 
DEBUG: All image URLs found:
2024-11-24 13:06:02,618 - INFO - Found image: https://static.wixstatic.com/media/706fa0_6b3133068fd54e26bf811ac929983e95~mv2.png/v1/fill/w_92,h_93,al_c,q_85,usm_0.66_1.00_0.01,enc_avif,quality_auto/Raccoon__R_W_Logo.png
2024-11-24 13:06:02,618 - INFO - Found image: https://static.wixstatic.com/media/706fa0_b90d4ab7752c4ddb88c20fc6bcc45f31~mv2.png/v1/fill/w_66,h_79,al_c,q_85,usm_0.66_1.00_0.01,blur_2,enc_auto/706fa0_b90d4ab7752c4ddb88c20fc6bcc45f31~mv2.png
2024-11-24 13:06:02,618 - INFO - Selected this image URL
2024-11-24 13:06:02,618 - INFO - Modified image URL: https://static.wixstatic.com/media/706fa0_b90d4ab7752c4ddb88c20fc6bcc45f31~mv2.png/v1/fill/w_1500,h_1500,al_c/706fa0_b90d4ab7752c4ddb88c20fc6bcc45f31~mv2.png
2024-11-24 13:06:02,618 - INFO - Found product details - Name: Uncle Sam/American Anthem, Image: https://static.wixstatic.com/media/706fa0_b90d4ab7752c4ddb88c20fc6bcc45f31~mv2.png/v1/fill/w_1500,h_1500,al_c/706fa0_b90d4ab7752c4ddb88c20fc6bcc45f31~mv2.png
2024-11-24 13:06:02,619 - INFO - Found product: Uncle Sam/American Anthem
2024-11-24 13:06:02,619 - INFO - Found image URL: https://static.wixstatic.com/media/706fa0_b90d4ab7752c4ddb88c20fc6bcc45f31~mv2.png/v1/fill/w_1500,h_1500,al_c/706fa0_b90d4ab7752c4ddb88c20fc6bcc45f31~mv2.png
2024-11-24 13:06:07,536 - INFO - Successfully processed product 42 of unlimited
2024-11-24 13:06:09,541 - INFO - Visiting product page: https://www.raccoonfireworksusa.com/product-page/madness-of-crowds
2024-11-24 13:06:10,163 - INFO - 
DEBUG: All image URLs found:
2024-11-24 13:06:10,164 - INFO - Found image: https://static.wixstatic.com/media/706fa0_6b3133068fd54e26bf811ac929983e95~mv2.png/v1/fill/w_92,h_93,al_c,q_85,usm_0.66_1.00_0.01,enc_avif,quality_auto/Raccoon__R_W_Logo.png
2024-11-24 13:06:10,164 - INFO - Found image: https://static.wixstatic.com/media/706fa0_3e765b8cd0a94a898601dda8fa97c9d9~mv2.png/v1/fill/w_80,h_61,al_c,q_85,usm_0.66_1.00_0.01,blur_2,enc_auto/706fa0_3e765b8cd0a94a898601dda8fa97c9d9~mv2.png
2024-11-24 13:06:10,164 - INFO - Selected this image URL
2024-11-24 13:06:10,164 - INFO - Modified image URL: https://static.wixstatic.com/media/706fa0_3e765b8cd0a94a898601dda8fa97c9d9~mv2.png/v1/fill/w_1500,h_1500,al_c/706fa0_3e765b8cd0a94a898601dda8fa97c9d9~mv2.png
2024-11-24 13:06:10,164 - INFO - Found product details - Name: Madness Of Crowds, Image: https://static.wixstatic.com/media/706fa0_3e765b8cd0a94a898601dda8fa97c9d9~mv2.png/v1/fill/w_1500,h_1500,al_c/706fa0_3e765b8cd0a94a898601dda8fa97c9d9~mv2.png
2024-11-24 13:06:10,165 - INFO - Found product: Madness Of Crowds
2024-11-24 13:06:10,165 - INFO - Found image URL: https://static.wixstatic.com/media/706fa0_3e765b8cd0a94a898601dda8fa97c9d9~mv2.png/v1/fill/w_1500,h_1500,al_c/706fa0_3e765b8cd0a94a898601dda8fa97c9d9~mv2.png
2024-11-24 13:06:14,433 - INFO - Successfully processed product 43 of unlimited
2024-11-24 13:06:16,437 - INFO - Visiting product page: https://www.raccoonfireworksusa.com/product-page/beyond-silence-1
2024-11-24 13:06:17,172 - INFO - 
DEBUG: All image URLs found:
2024-11-24 13:06:17,173 - INFO - Found image: https://static.wixstatic.com/media/706fa0_6b3133068fd54e26bf811ac929983e95~mv2.png/v1/fill/w_92,h_93,al_c,q_85,usm_0.66_1.00_0.01,enc_avif,quality_auto/Raccoon__R_W_Logo.png
2024-11-24 13:06:17,173 - INFO - Found image: https://static.wixstatic.com/media/706fa0_37089ab38e274e11b859300dbb85e142~mv2.png/v1/fill/w_46,h_37,al_c,q_85,usm_0.66_1.00_0.01,blur_2,enc_auto/706fa0_37089ab38e274e11b859300dbb85e142~mv2.png
2024-11-24 13:06:17,173 - INFO - Selected this image URL
2024-11-24 13:06:17,173 - INFO - Modified image URL: https://static.wixstatic.com/media/706fa0_37089ab38e274e11b859300dbb85e142~mv2.png/v1/fill/w_1500,h_1500,al_c/706fa0_37089ab38e274e11b859300dbb85e142~mv2.png
2024-11-24 13:06:17,173 - INFO - Found product details - Name: Beyond Silence, Image: https://static.wixstatic.com/media/706fa0_37089ab38e274e11b859300dbb85e142~mv2.png/v1/fill/w_1500,h_1500,al_c/706fa0_37089ab38e274e11b859300dbb85e142~mv2.png
2024-11-24 13:06:17,175 - INFO - Found product: Beyond Silence
2024-11-24 13:06:17,175 - INFO - Found image URL: https://static.wixstatic.com/media/706fa0_37089ab38e274e11b859300dbb85e142~mv2.png/v1/fill/w_1500,h_1500,al_c/706fa0_37089ab38e274e11b859300dbb85e142~mv2.png
2024-11-24 13:06:23,791 - INFO - Successfully processed product 44 of unlimited
2024-11-24 13:06:25,796 - INFO - Visiting product page: https://www.raccoonfireworksusa.com/product-page/uncle-sam-maze-runner
2024-11-24 13:06:26,428 - INFO - 
DEBUG: All image URLs found:
2024-11-24 13:06:26,429 - INFO - Found image: https://static.wixstatic.com/media/706fa0_6b3133068fd54e26bf811ac929983e95~mv2.png/v1/fill/w_92,h_93,al_c,q_85,usm_0.66_1.00_0.01,enc_avif,quality_auto/Raccoon__R_W_Logo.png
2024-11-24 13:06:26,429 - INFO - Found image: https://static.wixstatic.com/media/706fa0_e6369382a73c43dfa34abc8397850ec8~mv2.png/v1/fill/w_66,h_78,al_c,q_85,usm_0.66_1.00_0.01,blur_2,enc_auto/706fa0_e6369382a73c43dfa34abc8397850ec8~mv2.png
2024-11-24 13:06:26,429 - INFO - Selected this image URL
2024-11-24 13:06:26,429 - INFO - Modified image URL: https://static.wixstatic.com/media/706fa0_e6369382a73c43dfa34abc8397850ec8~mv2.png/v1/fill/w_1500,h_1500,al_c/706fa0_e6369382a73c43dfa34abc8397850ec8~mv2.png
2024-11-24 13:06:26,429 - INFO - Found product details - Name: Uncle Sam/Maze Runner, Image: https://static.wixstatic.com/media/706fa0_e6369382a73c43dfa34abc8397850ec8~mv2.png/v1/fill/w_1500,h_1500,al_c/706fa0_e6369382a73c43dfa34abc8397850ec8~mv2.png
2024-11-24 13:06:26,431 - INFO - Found product: Uncle Sam/Maze Runner
2024-11-24 13:06:26,431 - INFO - Found image URL: https://static.wixstatic.com/media/706fa0_e6369382a73c43dfa34abc8397850ec8~mv2.png/v1/fill/w_1500,h_1500,al_c/706fa0_e6369382a73c43dfa34abc8397850ec8~mv2.png
2024-11-24 13:06:29,864 - INFO - Successfully processed product 45 of unlimited
