2024-11-25 00:25:08,016 - INFO - === Square Catalog Check ===
2024-11-25 00:25:08,016 - INFO - Environment: production
2024-11-25 00:25:08,016 - INFO - Search Term: Artillery Shells - Assorted Color

2024-11-25 00:25:08,667 - INFO - Total items found in catalog: 100
2024-11-25 00:25:08,667 - INFO - 
=== Catalog Items ===
2024-11-25 00:25:08,667 - INFO - 
Item: Artillery Shells - Assorted Color
2024-11-25 00:25:08,667 - INFO - ID: 4EYSARF5APC5GSFBA7NCRPYA
2024-11-25 00:25:08,667 - INFO - Variations:
2024-11-25 00:25:08,667 - INFO -   - Name: RN
2024-11-25 00:25:08,667 - INFO -     SKU: 757202015157
2024-11-25 00:25:08,668 - INFO -     ID: IL2XCXDKI5NNEK2JSJAAGTZH
2024-11-25 00:25:08,668 - INFO -     Has Image: No
2024-11-25 00:25:08,668 - INFO -   - Name: RN1
2024-11-25 00:25:08,668 - INFO -     SKU: C741831
2024-11-25 00:25:08,668 - INFO -     ID: VP3JYFYZBHITITAJPS7IDA24
2024-11-25 00:25:08,668 - INFO -     Has Image: No
2024-11-25 00:25:08,668 - INFO -   - Name: WN
2024-11-25 00:25:08,668 - INFO -     SKU: 9692328
2024-11-25 00:25:08,668 - INFO -     ID: 5FNJXEU2VJAOSDTQV2SWUKOY
2024-11-25 00:25:08,668 - INFO -     Has Image: No
